###############################################################################
#                                                                             #
# IAR C/C++ Compiler V8.30.1.41636 for 8051             04/Nov/2015  16:51:09 #
# Copyright 2004-2013 IAR Systems AB.                                         #
#                                                                             #
#    Core               =  plain                                              #
#    Code model         =  banked                                             #
#    Data model         =  large                                              #
#    Calling convention =  xdata reentrant                                    #
#    Constant location  =  data_rom                                           #
#    Dptr setup         =  1,16                                               #
#                                                                             #
#    Source file        =  C:\Users\paolo\Documents\GitHub\zpowermeter\firmwa #
#                          re\Source\clusters\ClusterMetering.c               #
#    Command line       =  -f C:\Users\paolo\Documents\GitHub\zpowermeter\fir #
#                          mware\CC2530DB\..\Tools\f8wRouter.cfg (-DCPU32MHZ  #
#                          -DROOT=__near_func -DMAC_CFG_APP_PENDING_QUEUE=TRU #
#                          E -DMAC_CFG_TX_DATA_MAX=5 -DMAC_CFG_TX_MAX=8       #
#                          -DMAC_CFG_RX_MAX=5 -DRTR_NWK) -f                   #
#                          C:\Users\paolo\Documents\GitHub\zpowermeter\firmwa #
#                          re\CC2530DB\..\Tools\f8wConfig.cfg (-DZIGBEEPRO    #
#                          -DSECURE=0 -DZG_SECURE_DYNAMIC=0 -DREFLECTOR       #
#                          -DDEFAULT_CHANLIST=0x00000800                      #
#                          -DZDAPP_CONFIG_PAN_ID=0xFFFF                       #
#                          -DNWK_START_DELAY=100 -DEXTENDED_JOINING_RANDOM_MA #
#                          SK=0x007F -DBEACON_REQUEST_DELAY=100               #
#                          -DBEACON_REQ_DELAY_MASK=0x00FF                     #
#                          -DLINK_STATUS_JITTER_MASK=0x007F                   #
#                          -DROUTE_EXPIRY_TIME=30 -DAPSC_ACK_WAIT_DURATION_PO #
#                          LLED=3000 -DNWK_INDIRECT_MSG_TIMEOUT=7             #
#                          -DMAX_RREQ_ENTRIES=8 -DAPSC_MAX_FRAME_RETRIES=3    #
#                          -DNWK_MAX_DATA_RETRIES=2                           #
#                          -DMAX_POLL_FAILURE_RETRIES=2 -DMAX_BCAST=9         #
#                          -DAPS_MAX_GROUPS=16 -DMAX_RTG_ENTRIES=40           #
#                          -DNWK_MAX_BINDING_ENTRIES=4                        #
#                          -DMAX_BINDING_CLUSTER_IDS=4 "-DDEFAULT_KEY={0x01,  #
#                          0x03, 0x05, 0x07, 0x09, 0x0B, 0x0D, 0x0F, 0x00,    #
#                          0x02, 0x04, 0x06, 0x08, 0x0A, 0x0C, 0x0D}"         #
#                          -DMAC_MAX_FRAME_SIZE=116                           #
#                          -DZDNWKMGR_MIN_TRANSMISSIONS=20 "-DCONST=const     #
#                          __code" -DGENERIC=__generic                        #
#                          -DRFD_RCVC_ALWAYS_ON=FALSE -DPOLL_RATE=5000        #
#                          -DQUEUED_POLL_RATE=100 -DRESPONSE_POLL_RATE=100    #
#                          -DREJOIN_POLL_RATE=440) -f                         #
#                          C:\Users\paolo\Documents\GitHub\zpowermeter\firmwa #
#                          re\CC2530DB\..\Tools\f8wZCL.cfg                    #
#                          C:\Users\paolo\Documents\GitHub\zpowermeter\firmwa #
#                          re\Source\clusters\ClusterMetering.c -D SECURE=0   #
#                          -D OSC32K_CRYSTAL_INSTALLED=FALSE -D               #
#                          HAL_KEY=FALSE -D HAL_BOARD_CC2530EB_REV17 -D       #
#                          TC_LINKKEY_JOIN -D NV_INIT -D xNV_RESTORE -D       #
#                          MULTICAST_ENABLED=FALSE -D ZCL_READ -D ZCL_WRITE   #
#                          -D ZCL_REPORT -D FEATURE_SYSTEM_STATS -lC          #
#                          C:\Users\paolo\Documents\GitHub\zpowermeter\firmwa #
#                          re\CC2530DB\RouterEB\List\ -lA                     #
#                          C:\Users\paolo\Documents\GitHub\zpowermeter\firmwa #
#                          re\CC2530DB\RouterEB\List\ --diag_suppress         #
#                          Pe001,Pa010 -o C:\Users\paolo\Documents\GitHub\zpo #
#                          wermeter\firmware\CC2530DB\RouterEB\Obj\ -e        #
#                          --debug --core=plain --dptr=16,1                   #
#                          --data_model=large --code_model=banked             #
#                          --calling_convention=xdata_reentrant               #
#                          --place_constants=data_rom --nr_virtual_regs 16    #
#                          -I C:\Users\paolo\Documents\GitHub\zpowermeter\fir #
#                          mware\CC2530DB\ -I C:\Users\paolo\Documents\GitHub #
#                          \zpowermeter\firmware\CC2530DB\..\Source\ -I       #
#                          C:\Users\paolo\Documents\GitHub\zpowermeter\firmwa #
#                          re\CC2530DB\..\Source\ha\ -I                       #
#                          C:\Users\paolo\Documents\GitHub\zpowermeter\firmwa #
#                          re\CC2530DB\..\Source\zmain\ -I                    #
#                          C:\Users\paolo\Documents\GitHub\zpowermeter\firmwa #
#                          re\CC2530DB\..\Components\hal\include\ -I          #
#                          C:\Users\paolo\Documents\GitHub\zpowermeter\firmwa #
#                          re\CC2530DB\..\Components\hal\target\CC2530EB\ -I  #
#                          C:\Users\paolo\Documents\GitHub\zpowermeter\firmwa #
#                          re\CC2530DB\..\Components\mac\include\ -I          #
#                          C:\Users\paolo\Documents\GitHub\zpowermeter\firmwa #
#                          re\CC2530DB\..\Components\mac\high_level\ -I       #
#                          C:\Users\paolo\Documents\GitHub\zpowermeter\firmwa #
#                          re\CC2530DB\..\Components\mac\low_level\srf04\ -I  #
#                          C:\Users\paolo\Documents\GitHub\zpowermeter\firmwa #
#                          re\CC2530DB\..\Components\mac\low_level\srf04\sing #
#                          le_chip\ -I C:\Users\paolo\Documents\GitHub\zpower #
#                          meter\firmware\CC2530DB\..\Components\mt\ -I       #
#                          C:\Users\paolo\Documents\GitHub\zpowermeter\firmwa #
#                          re\CC2530DB\..\Components\osal\include\ -I         #
#                          C:\Users\paolo\Documents\GitHub\zpowermeter\firmwa #
#                          re\CC2530DB\..\Components\services\saddr\ -I       #
#                          C:\Users\paolo\Documents\GitHub\zpowermeter\firmwa #
#                          re\CC2530DB\..\Components\services\sdata\ -I       #
#                          C:\Users\paolo\Documents\GitHub\zpowermeter\firmwa #
#                          re\CC2530DB\..\Components\stack\af\ -I             #
#                          C:\Users\paolo\Documents\GitHub\zpowermeter\firmwa #
#                          re\CC2530DB\..\Components\stack\nwk\ -I            #
#                          C:\Users\paolo\Documents\GitHub\zpowermeter\firmwa #
#                          re\CC2530DB\..\Components\stack\sapi\ -I           #
#                          C:\Users\paolo\Documents\GitHub\zpowermeter\firmwa #
#                          re\CC2530DB\..\Components\stack\sec\ -I            #
#                          C:\Users\paolo\Documents\GitHub\zpowermeter\firmwa #
#                          re\CC2530DB\..\Components\stack\sys\ -I            #
#                          C:\Users\paolo\Documents\GitHub\zpowermeter\firmwa #
#                          re\CC2530DB\..\Components\stack\zcl\ -I            #
#                          C:\Users\paolo\Documents\GitHub\zpowermeter\firmwa #
#                          re\CC2530DB\..\Components\stack\zdo\ -I            #
#                          C:\Users\paolo\Documents\GitHub\zpowermeter\firmwa #
#                          re\CC2530DB\..\Components\zmac\ -I                 #
#                          C:\Users\paolo\Documents\GitHub\zpowermeter\firmwa #
#                          re\CC2530DB\..\Components\zmac\f8w\ -Ohz           #
#                          --require_prototypes                               #
#    List file          =  C:\Users\paolo\Documents\GitHub\zpowermeter\firmwa #
#                          re\CC2530DB\RouterEB\List\ClusterMetering.lst      #
#    Object file        =  C:\Users\paolo\Documents\GitHub\zpowermeter\firmwa #
#                          re\CC2530DB\RouterEB\Obj\ClusterMetering.r51       #
#                                                                             #
#                                                                             #
###############################################################################

C:\Users\paolo\Documents\GitHub\zpowermeter\firmware\Source\clusters\ClusterMetering.c
      1          
      2          /**************************************************************************************************
      3          
      4           DESCRIPTION:
      5            Metering Cluster
      6          
      7           CREATED: 08/09/2015, by Paolo Achdjian
      8          
      9           FILE: ClusterMetering.c
     10          
     11          ***************************************************************************************************/
     12          
     13          #include "ClusterMetering.h"
     14          
     15          

   \                                 In  segment XDATA_Z, align 1, keep-with-next
     16          uint16 mainVoltage=0;
   \                     mainVoltage:
   \   000000                DS 2
   \   000002                REQUIRE __INIT_XDATA_Z

   \                                 In  segment XDATA_Z, align 1, keep-with-next
     17          uint16 batteryVoltage=0;
   \                     batteryVoltage:
   \   000000                DS 2
   \   000002                REQUIRE __INIT_XDATA_Z

   \                                 In  segment XDATA_Z, align 1, keep-with-next
     18          uint8  batteryAlarmMask=0;
   \                     batteryAlarmMask:
   \   000000                DS 1
   \   000001                REQUIRE __INIT_XDATA_Z


   Segment part sizes:

   Bytes  Function/Label
   -----  --------------
       1  batteryAlarmMask
       2  batteryVoltage
       2  mainVoltage

 
 5 bytes in segment XDATA_Z
 
 5 bytes of XDATA memory

Errors: none
Warnings: none
