###############################################################################
#                                                                             #
# IAR C/C++ Compiler V8.30.1.41636 for 8051             14/Oct/2015  08:15:11 #
# Copyright 2004-2013 IAR Systems AB.                                         #
#                                                                             #
#    Core               =  plain                                              #
#    Code model         =  banked                                             #
#    Data model         =  large                                              #
#    Calling convention =  xdata reentrant                                    #
#    Constant location  =  data_rom                                           #
#    Dptr setup         =  1,16                                               #
#                                                                             #
#    Source file        =  C:\Users\paolo\Documents\GitHub\zpowermeter\firmwa #
#                          re\Components\mac\low_level\srf04\single_chip\mac_ #
#                          radio_defs.c                                       #
#    Command line       =  -f C:\Users\paolo\Documents\GitHub\zpowermeter\fir #
#                          mware\CC2530DB\..\Tools\f8wRouter.cfg (-DCPU32MHZ  #
#                          -DROOT=__near_func -DMAC_CFG_APP_PENDING_QUEUE=TRU #
#                          E -DMAC_CFG_TX_DATA_MAX=5 -DMAC_CFG_TX_MAX=8       #
#                          -DMAC_CFG_RX_MAX=5 -DRTR_NWK) -f                   #
#                          C:\Users\paolo\Documents\GitHub\zpowermeter\firmwa #
#                          re\CC2530DB\..\Tools\f8wConfig.cfg (-DZIGBEEPRO    #
#                          -DSECURE=0 -DZG_SECURE_DYNAMIC=0 -DREFLECTOR       #
#                          -DDEFAULT_CHANLIST=0x00000800                      #
#                          -DZDAPP_CONFIG_PAN_ID=0xFFFF                       #
#                          -DNWK_START_DELAY=100 -DEXTENDED_JOINING_RANDOM_MA #
#                          SK=0x007F -DBEACON_REQUEST_DELAY=100               #
#                          -DBEACON_REQ_DELAY_MASK=0x00FF                     #
#                          -DLINK_STATUS_JITTER_MASK=0x007F                   #
#                          -DROUTE_EXPIRY_TIME=30 -DAPSC_ACK_WAIT_DURATION_PO #
#                          LLED=3000 -DNWK_INDIRECT_MSG_TIMEOUT=7             #
#                          -DMAX_RREQ_ENTRIES=8 -DAPSC_MAX_FRAME_RETRIES=3    #
#                          -DNWK_MAX_DATA_RETRIES=2                           #
#                          -DMAX_POLL_FAILURE_RETRIES=2 -DMAX_BCAST=9         #
#                          -DAPS_MAX_GROUPS=16 -DMAX_RTG_ENTRIES=40           #
#                          -DNWK_MAX_BINDING_ENTRIES=4                        #
#                          -DMAX_BINDING_CLUSTER_IDS=4 "-DDEFAULT_KEY={0x01,  #
#                          0x03, 0x05, 0x07, 0x09, 0x0B, 0x0D, 0x0F, 0x00,    #
#                          0x02, 0x04, 0x06, 0x08, 0x0A, 0x0C, 0x0D}"         #
#                          -DMAC_MAX_FRAME_SIZE=116                           #
#                          -DZDNWKMGR_MIN_TRANSMISSIONS=20 "-DCONST=const     #
#                          __code" -DGENERIC=__generic                        #
#                          -DRFD_RCVC_ALWAYS_ON=FALSE -DPOLL_RATE=5000        #
#                          -DQUEUED_POLL_RATE=100 -DRESPONSE_POLL_RATE=100    #
#                          -DREJOIN_POLL_RATE=440) -f                         #
#                          C:\Users\paolo\Documents\GitHub\zpowermeter\firmwa #
#                          re\CC2530DB\..\Tools\f8wZCL.cfg                    #
#                          C:\Users\paolo\Documents\GitHub\zpowermeter\firmwa #
#                          re\Components\mac\low_level\srf04\single_chip\mac_ #
#                          radio_defs.c -D SECURE=0 -D                        #
#                          OSC32K_CRYSTAL_INSTALLED=FALSE -D HAL_KEY=FALSE    #
#                          -D HAL_BOARD_CC2530EB_REV17 -D TC_LINKKEY_JOIN -D  #
#                          NV_INIT -D xNV_RESTORE -D MULTICAST_ENABLED=FALSE  #
#                          -D ZCL_READ -D ZCL_WRITE -D ZCL_REPORT -D          #
#                          FEATURE_SYSTEM_STATS -lC                           #
#                          C:\Users\paolo\Documents\GitHub\zpowermeter\firmwa #
#                          re\CC2530DB\RouterEB\List\ -lA                     #
#                          C:\Users\paolo\Documents\GitHub\zpowermeter\firmwa #
#                          re\CC2530DB\RouterEB\List\ --diag_suppress         #
#                          Pe001,Pa010 -o C:\Users\paolo\Documents\GitHub\zpo #
#                          wermeter\firmware\CC2530DB\RouterEB\Obj\ -e        #
#                          --debug --core=plain --dptr=16,1                   #
#                          --data_model=large --code_model=banked             #
#                          --calling_convention=xdata_reentrant               #
#                          --place_constants=data_rom --nr_virtual_regs 16    #
#                          -I C:\Users\paolo\Documents\GitHub\zpowermeter\fir #
#                          mware\CC2530DB\ -I C:\Users\paolo\Documents\GitHub #
#                          \zpowermeter\firmware\CC2530DB\..\Source\ -I       #
#                          C:\Users\paolo\Documents\GitHub\zpowermeter\firmwa #
#                          re\CC2530DB\..\Source\ha\ -I                       #
#                          C:\Users\paolo\Documents\GitHub\zpowermeter\firmwa #
#                          re\CC2530DB\..\Source\zmain\ -I                    #
#                          C:\Users\paolo\Documents\GitHub\zpowermeter\firmwa #
#                          re\CC2530DB\..\Components\hal\include\ -I          #
#                          C:\Users\paolo\Documents\GitHub\zpowermeter\firmwa #
#                          re\CC2530DB\..\Components\hal\target\CC2530EB\ -I  #
#                          C:\Users\paolo\Documents\GitHub\zpowermeter\firmwa #
#                          re\CC2530DB\..\Components\mac\include\ -I          #
#                          C:\Users\paolo\Documents\GitHub\zpowermeter\firmwa #
#                          re\CC2530DB\..\Components\mac\high_level\ -I       #
#                          C:\Users\paolo\Documents\GitHub\zpowermeter\firmwa #
#                          re\CC2530DB\..\Components\mac\low_level\srf04\ -I  #
#                          C:\Users\paolo\Documents\GitHub\zpowermeter\firmwa #
#                          re\CC2530DB\..\Components\mac\low_level\srf04\sing #
#                          le_chip\ -I C:\Users\paolo\Documents\GitHub\zpower #
#                          meter\firmware\CC2530DB\..\Components\mt\ -I       #
#                          C:\Users\paolo\Documents\GitHub\zpowermeter\firmwa #
#                          re\CC2530DB\..\Components\osal\include\ -I         #
#                          C:\Users\paolo\Documents\GitHub\zpowermeter\firmwa #
#                          re\CC2530DB\..\Components\services\saddr\ -I       #
#                          C:\Users\paolo\Documents\GitHub\zpowermeter\firmwa #
#                          re\CC2530DB\..\Components\services\sdata\ -I       #
#                          C:\Users\paolo\Documents\GitHub\zpowermeter\firmwa #
#                          re\CC2530DB\..\Components\stack\af\ -I             #
#                          C:\Users\paolo\Documents\GitHub\zpowermeter\firmwa #
#                          re\CC2530DB\..\Components\stack\nwk\ -I            #
#                          C:\Users\paolo\Documents\GitHub\zpowermeter\firmwa #
#                          re\CC2530DB\..\Components\stack\sapi\ -I           #
#                          C:\Users\paolo\Documents\GitHub\zpowermeter\firmwa #
#                          re\CC2530DB\..\Components\stack\sec\ -I            #
#                          C:\Users\paolo\Documents\GitHub\zpowermeter\firmwa #
#                          re\CC2530DB\..\Components\stack\sys\ -I            #
#                          C:\Users\paolo\Documents\GitHub\zpowermeter\firmwa #
#                          re\CC2530DB\..\Components\stack\zcl\ -I            #
#                          C:\Users\paolo\Documents\GitHub\zpowermeter\firmwa #
#                          re\CC2530DB\..\Components\stack\zdo\ -I            #
#                          C:\Users\paolo\Documents\GitHub\zpowermeter\firmwa #
#                          re\CC2530DB\..\Components\zmac\ -I                 #
#                          C:\Users\paolo\Documents\GitHub\zpowermeter\firmwa #
#                          re\CC2530DB\..\Components\zmac\f8w\ -Ohz           #
#                          --require_prototypes                               #
#    List file          =  C:\Users\paolo\Documents\GitHub\zpowermeter\firmwa #
#                          re\CC2530DB\RouterEB\List\mac_radio_defs.lst       #
#    Object file        =  C:\Users\paolo\Documents\GitHub\zpowermeter\firmwa #
#                          re\CC2530DB\RouterEB\Obj\mac_radio_defs.r51        #
#                                                                             #
#                                                                             #
###############################################################################

C:\Users\paolo\Documents\GitHub\zpowermeter\firmware\Components\mac\low_level\srf04\single_chip\mac_radio_defs.c
      1          /**************************************************************************************************
      2            Filename:       mac_radio_defs.c
      3            Revised:        $Date: 2014-06-03 17:03:00 -0700 (Tue, 03 Jun 2014) $
      4            Revision:       $Revision: 38779 $
      5          
      6            Description:    Describe the purpose and contents of the file.
      7          
      8          
      9            Copyright 2006-2014 Texas Instruments Incorporated. All rights reserved.
     10          
     11            IMPORTANT: Your use of this Software is limited to those specific rights
     12            granted under the terms of a software license agreement between the user
     13            who downloaded the software, his/her employer (which must be your employer)
     14            and Texas Instruments Incorporated (the "License").  You may not use this
     15            Software unless you agree to abide by the terms of the License. The License
     16            limits your use, and you acknowledge, that the Software may not be modified,
     17            copied or distributed unless embedded on a Texas Instruments microcontroller
     18            or used solely and exclusively in conjunction with a Texas Instruments radio
     19            frequency transceiver, which is integrated into your product.  Other than for
     20            the foregoing purpose, you may not use, reproduce, copy, prepare derivative
     21            works of, modify, distribute, perform, display or sell this Software and/or
     22            its documentation for any purpose.
     23          
     24            YOU FURTHER ACKNOWLEDGE AND AGREE THAT THE SOFTWARE AND DOCUMENTATION ARE
     25            PROVIDED “AS IS” WITHOUT WARRANTY OF ANY KIND, EITHER EXPRESS OR IMPLIED,
     26            INCLUDING WITHOUT LIMITATION, ANY WARRANTY OF MERCHANTABILITY, TITLE,
     27            NON-INFRINGEMENT AND FITNESS FOR A PARTICULAR PURPOSE. IN NO EVENT SHALL
     28            TEXAS INSTRUMENTS OR ITS LICENSORS BE LIABLE OR OBLIGATED UNDER CONTRACT,
     29            NEGLIGENCE, STRICT LIABILITY, CONTRIBUTION, BREACH OF WARRANTY, OR OTHER
     30            LEGAL EQUITABLE THEORY ANY DIRECT OR INDIRECT DAMAGES OR EXPENSES
     31            INCLUDING BUT NOT LIMITED TO ANY INCIDENTAL, SPECIAL, INDIRECT, PUNITIVE
     32            OR CONSEQUENTIAL DAMAGES, LOST PROFITS OR LOST DATA, COST OF PROCUREMENT
     33            OF SUBSTITUTE GOODS, TECHNOLOGY, SERVICES, OR ANY CLAIMS BY THIRD PARTIES
     34            (INCLUDING BUT NOT LIMITED TO ANY DEFENSE THEREOF), OR OTHER SIMILAR COSTS.
     35          
     36            Should you have any questions regarding your right to use this Software,
     37            contact Texas Instruments Incorporated at www.TI.com.
     38          **************************************************************************************************/
     39          
     40          /* ------------------------------------------------------------------------------------------------
     41           *                                             Includes
     42           * ------------------------------------------------------------------------------------------------
     43           */
     44          #include "mac_radio_defs.h"

   \                                 In  segment SFR_AN, at 0x90
   \   union <unnamed> volatile __sfr _A_P1
   \                     _A_P1:
   \   000000                DS 1

   \                                 In  segment SFR_AN, at 0xfd
   \   unsigned char volatile __sfr P0DIR
   \                     P0DIR:
   \   000000                DS 1

   \                                 In  segment SFR_AN, at 0xfe
   \   unsigned char volatile __sfr P1DIR
   \                     P1DIR:
   \   000000                DS 1
     45          #include "hal_types.h"
     46          #include "hal_assert.h"
     47          #include "hal_mcu.h"
     48          #include "mac_pib.h"
     49          
     50          /* ------------------------------------------------------------------------------------------------
     51           *                                        Global Variables
     52           * ------------------------------------------------------------------------------------------------
     53           */
     54          

   \                                 In  segment XDATA_Z, align 1, keep-with-next
     55          uint8 reqTxBoost = FALSE;  /* CC2533/34-specific register settings to achieve highest Tx power. */
   \                     reqTxBoost:
   \   000000                DS 1
   \   000001                REQUIRE __INIT_XDATA_Z

   \                                 In  segment XDATA_Z, align 1, keep-with-next
     56          uint8 paLnaChip = PA_LNA_NONE;
   \                     paLnaChip:
   \   000000                DS 1
   \   000001                REQUIRE __INIT_XDATA_Z
     57             
     58          #if defined HAL_PA_LNA_SE2431L || defined MAC_RUNTIME_SE2431L
     59            #define CPS_DIR         P0DIR
     60            #define CPS_PIN_OUTPUT  BV(7)  
     61              
     62            #define ANT_CSD_SEL_DIR P1DIR 
     63            #define CSD_PIN_OUTPUT   BV(3)  
     64            #define ANT_SEL_OUTPUT   BV(0)
     65          
     66          #else
     67            #define CPS_DIR         P0DIR
     68            #define CPS_PIN_OUTPUT  0 
     69              
     70            #define ANT_CSD_SEL_DIR P1DIR 
     71            #define CSD_PIN_OUTPUT   0 
     72            #define ANT_SEL_OUTPUT   0 
     73          
     74          #endif
     75          
     76          /* ------------------------------------------------------------------------------------------------
     77           *                                        Global Constants
     78           * ------------------------------------------------------------------------------------------------
     79           */
     80          #if defined MAC_RUNTIME_CC2591 || defined MAC_RUNTIME_CC2590 || \
     81              defined MAC_RUNTIME_SE2431L || defined MAC_RUNTIME_CC2592 || \
     82              (!defined HAL_PA_LNA && !defined HAL_PA_LNA_CC2590 && \
     83              !defined HAL_PA_LNA_SE2431L && !defined HAL_PA_LNA_CC2592)
     84          

   \                                 In  segment CODE_C, align 1
     85          const uint8 CODE macRadioDefsTxPwrBare[] =
   \                     macRadioDefsTxPwrBare:
   \   000000   03           DB 3
   \   000001   EA           DB 234
   \   000002   F5           DB 245
   \   000003   E5           DB 229
   \   000004   D5           DB 213
   \   000005   D5           DB 213
   \   000006   C5           DB 197
   \   000007   B5           DB 181
   \   000008   A5           DB 165
   \   000009   95           DB 149
   \   00000A   95           DB 149
   \   00000B   85           DB 133
   \   00000C   85           DB 133
   \   00000D   75           DB 117
   \   00000E   75           DB 117
   \   00000F   65           DB 101
   \   000010   65           DB 101
   \   000011   55           DB 85
   \   000012   55           DB 85
   \   000013   45           DB 69
   \   000014   45           DB 69
   \   000015   35           DB 53
   \   000016   35           DB 53
   \   000017   25           DB 37
   \   000018   25           DB 37
   \   000019   15           DB 21
   \   00001A   15           DB 21
   \   00001B   05           DB 5
     86          {
     87            3,  /* tramsmit power level of the first entry */
     88            (uint8)(int8)-22, /* transmit power level of the last entry */
     89            /*   3 dBm */   0xF5,   /* characterized as  4.5 dBm in datasheet */
     90            /*   2 dBm */   0xE5,   /* characterized as  2.5 dBm in datasheet */
     91            /*   1 dBm */   0xD5,   /* characterized as  1   dBm in datasheet */
     92            /*   0 dBm */   0xD5,   /* characterized as  1   dBm in datasheet */
     93            /*  -1 dBm */   0xC5,   /* characterized as -0.5 dBm in datasheet */
     94            /*  -2 dBm */   0xB5,   /* characterized as -1.5 dBm in datasheet */
     95            /*  -3 dBm */   0xA5,   /* characterized as -3   dBm in datasheet */
     96            /*  -4 dBm */   0x95,   /* characterized as -4   dBm in datasheet */
     97            /*  -5 dBm */   0x95,
     98            /*  -6 dBm */   0x85,   /* characterized as -6   dBm in datasheet */
     99            /*  -7 dBm */   0x85,
    100            /*  -8 dBm */   0x75,   /* characterized as -8   dBm in datasheet */
    101            /*  -9 dBm */   0x75,
    102            /* -10 dBm */   0x65,   /* characterized as -10  dBm in datasheet */
    103            /* -11 dBm */   0x65,
    104            /* -12 dBm */   0x55,   /* characterized as -12  dBm in datasheet */
    105            /* -13 dBm */   0x55,
    106            /* -14 dBm */   0x45,   /* characterized as -14  dBm in datasheet */
    107            /* -15 dBm */   0x45,
    108            /* -16 dBm */   0x35,   /* characterized as -16  dBm in datasheet */
    109            /* -17 dBm */   0x35,
    110            /* -18 dBm */   0x25,   /* characterized as -18  dBm in datasheet */
    111            /* -19 dBm */   0x25,
    112            /* -20 dBm */   0x15,   /* characterized as -20  dBm in datasheet */
    113            /* -21 dBm */   0x15,
    114            /* -22 dBm */   0x05    /* characterized as -22  dBm in datasheet */
    115          };
    116          #endif /* defined MAC_RUNTIME_CC2591 || defined MAC_RUNTIME_CC2590 || \
    117                    defined MAC_RUNTIME_SE2431L || defined MAC_RUNTIME_CC2592 || \
    118                    (!defined HAL_PA_LNA && !defined HAL_PA_LNA_CC2590 && \
    119                    !defined HAL_PA_LNA_SE2431L && !defined HAL_PA_LNA_CC2592) */
    120          
    121          #if defined HAL_PA_LNA || defined MAC_RUNTIME_CC2591
    122          const uint8 CODE macRadioDefsTxPwrCC2591[] =
    123          {
    124            20,  /* tramsmit power level of the first entry */
    125            (uint8)(int8)10, /* transmit power level of the last entry */
    126            /*  20 dBm */   0xE5,   /* characterized as 20 dBm in datasheet */
    127            /*  19 dBm */   0xD5,   /* characterized as 19 dBm in datasheet */
    128            /*  18 dBm */   0xC5,   /* characterized as 18 dBm in datasheet */
    129            /*  17 dBm */   0xB5,   /* characterized as 17 dBm in datasheet */
    130            /*  16 dBm */   0xA5,   /* characterized as 16 dBm in datasheet */
    131            /*  15 dBm */   0xA5,
    132            /*  14 dBm */   0x95,   /* characterized as 14.5 dBm in datasheet */
    133            /*  13 dBm */   0x85,   /* characterized as 13 dBm in datasheet */
    134            /*  12 dBm */   0x85,
    135            /*  11 dBm */   0x75,   /* characterized as 11.5 dBm in datasheet */
    136            /*  10 dBm */   0x65    /* characterized as 10 dBm in datasheet */
    137          };
    138          #endif
    139          
    140          /* TBD Placeholder for CC2530+CC2592 */
    141          #if defined HAL_PA_LNA_CC2592 || defined MAC_RUNTIME_CC2592
    142          const uint8 CODE macRadioDefsTxPwrCC2592[] =
    143          {
    144            20,  /* tramsmit power level of the first entry */
    145            (uint8)(int8)11, /* transmit power level of the last entry */
    146            /*  20 dBm */   0xF5,   /* characterized as 20.3 dBm */
    147            /*  19 dBm */   0xC5,   /* characterized as 19 dBm   */
    148            /*  18 dBm */   0xB5,   /* characterized as 18 dBm   */
    149            /*  17 dBm */   0xA5,   /* characterized as 17.5 dBm */
    150            /*  16 dBm */   0x95,   /* characterized as 16.3 dBm */
    151            /*  15 dBm */   0x85,   /* characterized as 15.7 dBm */
    152            /*  14 dBm */   0x75,   /* characterized as 14.5 dBm */
    153            /*  13 dBm */   0x65,   /* characterized as 13 dBm   */
    154            /*  12 dBm */   0x65,   /* characterized as 13 dBm   */
    155            /*  11 dBm */   0x55,   /* characterized as 11.3dBm  */
    156          };
    157          #endif
    158          
    159          #if defined HAL_PA_LNA_CC2590 || defined MAC_RUNTIME_CC2590
    160          const uint8 CODE macRadioDefsTxPwrCC2590[] =
    161          {
    162            11,  /* tramsmit power level of the first entry */
    163            (uint8)(int8)-15, /* transmit power level of the last entry */
    164            /* Note that the characterization is preliminary */
    165            /* 11 dBm */   0xF5,   /* characterized as 11.1 dBm */
    166            /* 10 dBm */   0xF5,
    167            /*  9 dBm */   0xE5,   /* characterized as 9.3 dBm */
    168            /*  8 dBm */   0xD5,   /* characterized as 7.7 dBm */
    169            /*  7 dBm */   0xD5,
    170            /*  6 dBm */   0xC5,   /* characterized as 6.4 dBm */
    171            /*  5 dBm */   0xB5,   /* characterized as 5.2 dBm */
    172            /*  4 dBm */   0xA5,   /* characterized as 3.6 dBm */
    173            /*  3 dBm */   0xA5,
    174            /*  2 dBm */   0x95,   /* characterized as 1.6 dBm */
    175            /*  1 dBm */   0x95,
    176            /*  0 dBm */   0x85,   /* characterized as 0.4 dBm */
    177            /* -1 dBm */   0x75,   /* characterized as -1.1 dBm */
    178            /* -2 dBm */   0x75,
    179            /* -3 dBm */   0x65,   /* characterized as -2.9 dBm */
    180            /* -4 dBm */   0x65,
    181            /* -5 dBm */   0x55,   /* characterized as -5.0 dBm */
    182            /* -6 dBm */   0x55,
    183            /* -7 dBm */   0x45,   /* characterized as -7.3 dBm*/
    184            /* -8 dBm */   0x45,
    185            /* -9 dBm */   0x45,
    186            /* -10 dBm */  0x35,   /* characterized as -9.7 dBm */
    187            /* -11 dBm */  0x25,   /* characterized as -11.3 dBm */
    188            /* -12 dBm */  0x25,
    189            /* -13 dBm */  0x15,   /* characterized as -13.3 dBm */
    190            /* -14 dBm */  0x15,
    191            /* -15 dBm */  0x05    /* characterized as -15.4 dBm */
    192          };
    193          #endif
    194          
    195          #if defined (HAL_PA_LNA_SE2431L) || defined (MAC_RUNTIME_SE2431L)
    196          const uint8 CODE macRadioDefsTxPwrSE2431L[] =
    197          {
    198            22,  /* tramsmit power level of the first entry */
    199            (uint8)(int8)10, /* transmit power level of the last entry */
    200            /* Note that the characterization is preliminary */
    201            /* 22 dBm */   0xF5,   /* characterized as 21.5 dBm */
    202            /* 21 dBm */   0xE5,   /* characterized as 21.1 dBm */
    203            /* 20 dBm */   0xD5,   /* characterized as 20.5 dBm */
    204            /* 19 dBm */   0xC5,   /* characterized as 19.7 dBm */
    205            /* 18 dBm */   0xB5,   /* characterized as 18.8 dBm */
    206            /* 17 dBm */   0xA5,   /* characterized as 17.4 dBm */
    207            /* 16 dBm */   0x95,   /* characterized as 15.5 dBm */
    208            /* 15 dBm */   0x95,   /* characterized as 15.5 dBm */
    209            /* 14 dBm */   0x85,   /* characterized as 14.2 dBm */
    210            /* 13 dBm */   0x85,   /* characterized as 14.2 dBm */
    211            /* 12 dBm */   0x75,   /* characterized as 12.3 dBm */
    212            /* 11 dBm */   0x75,   /* characterized as 12.3 dBm */
    213            /* 10 dBm */   0x65,   /* characterized as 10.6 dBm */
    214          };
    215          #endif
    216          

   \                                 In  segment CODE_C, align 1
    217          const uint8 CODE macRadioDefsTxPwrBare0x95[] =
   \                     macRadioDefsTxPwrBare0x95:
   \   000000   07           DB 7
   \   000001   EC           DB 236
   \   000002   FD           DB 253
   \   000003   FD           DB 253
   \   000004   FD           DB 253
   \   000005   EC           DB 236
   \   000006   DC           DB 220
   \   000007   DC           DB 220
   \   000008   CC           DB 204
   \   000009   BC           DB 188
   \   00000A   AC           DB 172
   \   00000B   AC           DB 172
   \   00000C   9C           DB 156
   \   00000D   9C           DB 156
   \   00000E   8C           DB 140
   \   00000F   7C           DB 124
   \   000010   7C           DB 124
   \   000011   6C           DB 108
   \   000012   6C           DB 108
   \   000013   5C           DB 92
   \   000014   5C           DB 92
   \   000015   5C           DB 92
   \   000016   4C           DB 76
   \   000017   4C           DB 76
   \   000018   3C           DB 60
   \   000019   3C           DB 60
   \   00001A   2C           DB 44
   \   00001B   2C           DB 44
   \   00001C   1C           DB 28
   \   00001D   1C           DB 28
    218          {
    219            7,  /* tramsmit power level of the first entry */
    220            (uint8)(int8)-20, /* transmit power level of the last entry */
    221            /*   7 dBm */   0xFD,   /* characterized as  7   dBm in datasheet */
    222            /*   6 dBm */   0xFD,   /* clip to 7 dBm */
    223            /*   5 dBm */   0xFD,   /* clip to 7 dBm */
    224            /*   4 dBm */   0xEC,   /* characterized as  4.5 dBm in datasheet */
    225            /*   3 dBm */   0xDC,   /* characterized as  3   dBm in datasheet */
    226            /*   2 dBm */   0xDC,
    227            /*   1 dBm */   0xCC,   /* characterized as  1.7 dBm in datasheet */
    228            /*   0 dBm */   0xBC,   /* characterized as  0.3 dBm in datasheet */
    229            /*  -1 dBm */   0xAC,   /* characterized as -1   dBm in datasheet */
    230            /*  -2 dBm */   0xAC,
    231            /*  -3 dBm */   0x9C,   /* characterized as -2.8 dBm in datasheet */
    232            /*  -4 dBm */   0x9C,
    233            /*  -5 dBm */   0x8C,   /* characterized as -4.1 dBm in datasheet */
    234            /*  -6 dBm */   0x7C,   /* characterized as -5.9 dBm in datasheet */
    235            /*  -7 dBm */   0x7C,
    236            /*  -8 dBm */   0x6C,   /* characterized as -7.7 dBm in datasheet */
    237            /*  -9 dBm */   0x6C,
    238            /* -10 dBm */   0x5C,   /* characterized as -9.9 dBm in datasheet */
    239            /* -11 dBm */   0x5C,
    240            /* -12 dBm */   0x5C,   /* characterized as -9.9 dBm in datasheet */
    241            /* -13 dBm */   0x4C,   /* characterized as -12.8 dBm in datasheet */
    242            /* -14 dBm */   0x4C,
    243            /* -15 dBm */   0x3C,   /* characterized as -14.9 dBm in datasheet */
    244            /* -16 dBm */   0x3C,
    245            /* -17 dBm */   0x2C,   /* characterized as -16.6 dBm in datasheet */
    246            /* -18 dBm */   0x2C,
    247            /* -19 dBm */   0x1C,   /* characterized as -18.7 dBm in datasheet */
    248            /* -20 dBm */   0x1C    /* characterized as -18.7 dBm in datasheet */
    249          };
    250          
    251          
    252          
    253          #if defined MAC_RUNTIME_CC2591 || defined MAC_RUNTIME_CC2590 || \
    254              defined MAC_RUNTIME_SE2431L || defined MAC_RUNTIME_CC2592 || \
    255              defined HAL_PA_LNA || defined HAL_PA_LNA_CC2590 || \
    256              defined HAL_PA_LNA_SE2431L || defined HAL_PA_LNA_CC2592
    257          
    258          /* TX power table array */
    259          const uint8 CODE *const CODE macRadioDefsTxPwrTables[] =
    260          {
    261          #if defined MAC_RUNTIME_CC2591 || defined MAC_RUNTIME_CC2590 || \
    262              defined MAC_RUNTIME_SE2431L || defined MAC_RUNTIME_CC2592 || \
    263              (!defined HAL_PA_LNA && !defined HAL_PA_LNA_CC2590 && \
    264              !defined HAL_PA_LNA_SE2431L && !defined HAL_PA_LNA_CC2592)
    265            macRadioDefsTxPwrBare,
    266          #endif
    267          
    268          #if defined HAL_PA_LNA || defined MAC_RUNTIME_CC2591
    269            macRadioDefsTxPwrCC2591,
    270          #endif
    271          
    272          #if defined HAL_PA_LNA_CC2590 || defined MAC_RUNTIME_CC2590
    273            macRadioDefsTxPwrCC2590,
    274          #endif
    275          
    276          #if defined HAL_PA_LNA_SE2431L || defined MAC_RUNTIME_SE2431L
    277            macRadioDefsTxPwrSE2431L,
    278          #endif
    279          
    280          #if defined HAL_PA_LNA_CC2592 || defined MAC_RUNTIME_CC2592
    281            macRadioDefsTxPwrCC2592,
    282          #endif
    283          };
    284          
    285          /* TX power table array. */
    286          /* TODO: Please note that the cc2533 uses the
    287           * same TXPOWER table with or without PA/LNA here.
    288           */
    289          const uint8 CODE *const CODE macRadioDefsTxPwrTables0x95[] =
    290          {
    291          #if defined MAC_RUNTIME_CC2591 || defined MAC_RUNTIME_CC2590 || \
    292            (!defined HAL_PA_LNA && !defined HAL_PA_LNA_CC2590)
    293            macRadioDefsTxPwrBare0x95,
    294          #endif
    295          
    296          #if defined HAL_PA_LNA || defined MAC_RUNTIME_CC2591
    297            macRadioDefsTxPwrBare0x95,
    298          #endif
    299          
    300          #if defined HAL_PA_LNA_CC2590 || defined MAC_RUNTIME_CC2590
    301            macRadioDefsTxPwrBare0x95,
    302          #endif
    303          };
    304          
    305          /* RSSI offset adjustment value array */
    306          const int8 CODE macRadioDefsRssiAdj[] =
    307          {
    308          #if defined MAC_RUNTIME_CC2591 || defined MAC_RUNTIME_CC2590 || \
    309              defined MAC_RUNTIME_SE2431L || defined MAC_RUNTIME_CC2592 || \
    310              (!defined HAL_PA_LNA && !defined HAL_PA_LNA_CC2590 && \
    311              !defined HAL_PA_LNA_CC2590 && !defined HAL_PA_LNA_CC2592)
    312            0,
    313          #endif
    314          
    315          #if defined HAL_PA_LNA || defined MAC_RUNTIME_CC2591
    316            -6, /* high gain mode */
    317            6,  /* low gain mode */
    318          #endif
    319          
    320          #if defined HAL_PA_LNA_CC2590 || defined MAC_RUNTIME_CC2590
    321           -10,
    322            0,
    323          #endif
    324          
    325          #if defined HAL_PA_LNA_SE2431L || defined MAC_RUNTIME_SE2431L
    326          -12,   /*high gain mode of SE2431L*/
    327           0,    /*Low gain mode of SE2431L */
    328          #endif
    329          
    330          #if defined HAL_PA_LNA_CC2592 || defined MAC_RUNTIME_CC2592
    331           /* TBD Placeholder for CC2530+CC2592 */
    332           -6,
    333            6,
    334          #endif
    335          };
    336          
    337          
    338          /* Sensitivity adjusts*/
    339          const int8 CODE macRadioDefsSensitivityAdj[] =
    340          {
    341          #if defined MAC_RUNTIME_CC2591 || defined MAC_RUNTIME_CC2590 || \
    342            defined MAC_RUNTIME_SE2431L || defined MAC_RUNTIME_CC2592 || \
    343            (!defined HAL_PA_LNA && !defined HAL_PA_LNA_CC2590 && \
    344            !defined HAL_PA_LNA_SE2431L && !defined HAL_PA_LNA_CC2592)
    345            0,
    346          #endif
    347          
    348          #if defined HAL_PA_LNA || defined MAC_RUNTIME_CC2591
    349          /* -98.8 approximated to -98 MAC_RADIO_RECEIVER_SENSITIVITY_DBM -1 = -98 */
    350            -1, 
    351          #endif
    352          
    353          #if defined HAL_PA_LNA_CC2590 || defined MAC_RUNTIME_CC2590
    354            -1,
    355          #endif
    356          
    357          #if defined HAL_PA_LNA_SE2431L || defined MAC_RUNTIME_SE2431L
    358          /* -101.8 approximated to -101. MAC_RADIO_RECEIVER_SENSITIVITY_DBM -4 = -101 */
    359            -4, 
    360          #endif
    361          
    362          #if defined HAL_PA_LNA_CC2592 || defined MAC_RUNTIME_CC2592
    363           /* TBD Placeholder for CC2530+CC2592 */
    364            -1,
    365          #endif
    366          };
    367          
    368          
    369          /* Saturation adjusts*/
    370          const int8 CODE macRadioDefsSaturationAdj[] =
    371          {
    372          #if defined MAC_RUNTIME_CC2591 || defined MAC_RUNTIME_CC2590 || \
    373            defined MAC_RUNTIME_SE2431L || defined MAC_RUNTIME_CC2592 || \
    374            (!defined HAL_PA_LNA && !defined HAL_PA_LNA_CC2590 && \
    375            !defined HAL_PA_LNA_SE2431L && !defined HAL_PA_LNA_CC2592)
    376            0,
    377          #endif
    378          
    379          #if defined HAL_PA_LNA || defined MAC_RUNTIME_CC2591
    380            0,  
    381          #endif
    382          
    383          #if defined HAL_PA_LNA_CC2590 || defined MAC_RUNTIME_CC2590
    384            0,
    385          #endif
    386          
    387          #if defined HAL_PA_LNA_SE2431L || defined MAC_RUNTIME_SE2431L
    388          /* 5.5 approximated to 5. MAC_RADIO_RECEIVER_SATURATION_DBM -5 = 5 */
    389            -5,   
    390          #endif
    391          
    392          #if defined HAL_PA_LNA_CC2592 || defined MAC_RUNTIME_CC2592
    393           /* TBD Placeholder for CC2530+CC2592 */
    394            0,
    395          #endif
    396          };
    397          
    398          #endif /* defined MAC_RUNTIME_CC2591 || defined MAC_RUNTIME_CC2590 || ... */
    399          
    400          #if defined MAC_RUNTIME_CC2591 || defined MAC_RUNTIME_CC2590 || \
    401              defined MAC_RUNTIME_SE2431L || defined MAC_RUNTIME_CC2592 || \
    402              defined HAL_PA_LNA || defined HAL_PA_LNA_CC2590 || \
    403              defined HAL_PA_LNA_SE2431L || defined HAL_PA_LNA_CC2592
    404          uint8 macRadioDefsRefTableId = 0;
    405          #endif
    406          
    407          /* RF observable control register value to output PA signal */
    408          #define RFC_OBS_CTRL_PA_PD_INV        0x68
    409          
    410          /* RF observable control register value to output LNA signal */
    411          #define RFC_OBS_CTRL_LNAMIX_PD_INV    0x6A
    412          
    413          /* OBSSELn register value to select RF observable 0 */
    414          #define OBSSEL_OBS_CTRL0             0xFB
    415          
    416          /* OBSSELn register value to select RF observable 1 */
    417          #define OBSSEL_OBS_CTRL1             0xFC
    418          
    419          
    420          /**************************************************************************************************
    421           * @fn          MAC_SelectRadioRegTable
    422           *
    423           * @brief       Select radio register table in case multiple register tables are included
    424           *              in the build
    425           *
    426           * @param       txPwrTblIdx - TX power register value table index
    427           * @param       rssiAdjIdx - RSSI adjustment value index
    428           *
    429           * @return      none
    430           **************************************************************************************************
    431           */

   \                                 In  segment BANKED_CODE, align 1, keep-with-next
    432          extern void MAC_SetRadioRegTable ( uint8 txPwrTblIdx, uint8 rssiAdjIdx )
   \                     MAC_SetRadioRegTable:
    433          {
   \   000000   C082         PUSH    DPL
   \   000002   C083         PUSH    DPH
   \   000004                ; Saved register size: 2
   \   000004                ; Auto size: 0
    434            /* Depending on compile flags, the parameters may not be used */
    435            (void) txPwrTblIdx;
    436            (void) rssiAdjIdx;
    437          
    438          #if defined MAC_RUNTIME_CC2591 || defined MAC_RUNTIME_CC2590 ||  \
    439              defined MAC_RUNTIME_SE2431L || defined MAC_RUNTIME_CC2592
    440            if (txPwrTblIdx >= sizeof(macRadioDefsTxPwrTables)/sizeof(macRadioDefsTxPwrTables[0]))
    441            {
    442              txPwrTblIdx = 0;
    443            }
    444          #endif /* defined MAC_RUNTIME_CC2591 || defined MAC_RUNTIME_CC2590 */
    445          
    446          #if defined (MAC_RUNTIME_CC2591) || defined (MAC_RUNTIME_CC2590) || \
    447              defined (MAC_RUNTIME_SE2431L)  || defined (MAC_RUNTIME_CC2592) || \
    448              defined (HAL_PA_LNA) || defined (HAL_PA_LNA_CC2590) || \
    449              defined (HAL_PA_LNA_SE2431L)  || defined (HAL_PA_LNA_CC2592)
    450            if (rssiAdjIdx >= sizeof(macRadioDefsRssiAdj)/sizeof(macRadioDefsRssiAdj[0]))
    451            {
    452              rssiAdjIdx = 0;
    453            }
    454          
    455            macRadioDefsRefTableId = (txPwrTblIdx << 4) | rssiAdjIdx;
    456          
    457          #endif /* defined MAC_RUNTIME_CC2591 || defined MAC_RUNTIME_CC2590 || .. */
    458            
    459           
    460          #if defined (MAC_RUNTIME_CC2591) && defined (MAC_RUNTIME_CC2590) && \
    461              defined (MAC_RUNTIME_SE2431L) && defined (MAC_RUNTIME_CC2592)
    462          /* Determining PA LNA chip used from txPwrIdx*/  
    463            switch (txPwrTblIdx)
    464            {
    465            case MAC_CC2591_TX_PWR_TABLE_IDX:
    466              paLnaChip = PA_LNA_CC2591;
    467              break;
    468              
    469            case MAC_CC2590_TX_PWR_TABLE_IDX:
    470              paLnaChip = PA_LNA_CC2590;
    471              break;
    472              
    473            case MAC_SE2431L_TX_PWR_TABLE_IDX:
    474              paLnaChip = PA_LNA_SE2431L;
    475              break;
    476            
    477            case MAC_CC2592_TX_PWR_TABLE_IDX:
    478              paLnaChip = PA_LNA_CC2592;
    479              break;
    480              
    481              default
    482                paLnaChip = PA_LNA_NONE;
    483              break;
    484            }
    485          #elif defined (MAC_RUNTIME_CC2591) || defined (HAL_PA_LNA)
    486            paLnaChip = PA_LNA_CC2591;
    487          #elif defined (MAC_RUNTIME_CC2590) || defined (HAL_PA_LNA_CC2590)
    488            paLnaChip = PA_LNA_CC2590;
    489          #elif defined (MAC_RUNTIME_SE2431L) || defined (HAL_PA_LNA_SE2431L)
    490            paLnaChip = PA_LNA_SE2431L;
    491          #elif defined (MAC_RUNTIME_CC2592) || defined (HAL_PA_LNA_CC2592)
    492            paLnaChip = PA_LNA_CC2592;
    493          #else
    494            paLnaChip = PA_LNA_NONE;
   \   000004   90....       MOV     DPTR,#paLnaChip
   \   000007   E4           CLR     A
   \   000008                REQUIRE ?Subroutine0
   \   000008                REQUIRE P0DIR
   \   000008                REQUIRE P1DIR
   \   000008                REQUIRE _A_P1
   \   000008                ; // Fall through to label ?Subroutine0
    495          #endif
    496            
    497            if (paLnaChip == PA_LNA_SE2431L)
    498            {
    499              /* Setting CPS as Output by setting P0DIR = 0x80 */
    500              CPS_DIR  |= CPS_PIN_OUTPUT; 
    501              
    502              /* Setting CSD and Antenns Select as Output by setting P1DIR = 0x9 */
    503              ANT_CSD_SEL_DIR |= (CSD_PIN_OUTPUT | ANT_SEL_OUTPUT);
    504              
    505             /* Now EN or CSD line is controlled via software so setting it high here 
    506              * to start the SE2431L frontend
    507              */
    508              HAL_PA_LNA_RX_CSD_HIGH();
    509            }  
    510          }

   \                                 In  segment BANKED_CODE, align 1, keep-with-next
   \                     ?Subroutine0:
   \   000000   F0           MOVX    @DPTR,A
   \   000001   D083         POP     DPH
   \   000003   D082         POP     DPL
   \   000005   02....       LJMP    ?BRET
    511          
    512          
    513          /**************************************************************************************************
    514           * @fn          macRadioTurnOnPower
    515           *
    516           * @brief       Logic and sequence for powering up the radio.
    517           *
    518           * @param       none
    519           *
    520           * @return      none
    521           **************************************************************************************************
    522           */

   \                                 In  segment BANKED_CODE, align 1, keep-with-next
    523          MAC_INTERNAL_API void macRadioTurnOnPower(void)
   \                     macRadioTurnOnPower:
    524          {
   \   000000   C082         PUSH    DPL
   \   000002   C083         PUSH    DPH
   \   000004                ; Saved register size: 2
   \   000004                ; Auto size: 0
    525            /* Enable RF error trap */
    526            MAC_MCU_RFERR_ENABLE_INTERRUPT();
   \   000004   9061A5       MOV     DPTR,#0x61a5
   \   000007   E0           MOVX    A,@DPTR
   \   000008   D2E2         SETB    0xE0 /* A   */.2
   \   00000A   F0           MOVX    @DPTR,A
    527          
    528          #if defined MAC_RUNTIME_CC2591 || defined MAC_RUNTIME_CC2590 || \
    529              defined MAC_RUNTIME_SE2431L || defined MAC_RUNTIME_CC2592
    530            /* table ID is referenced only when runtime configuration is enabled */
    531            if (macRadioDefsRefTableId & 0xf0)
    532          #endif /* defined MAC_RUNTIME_CC2591 || defined MAC_RUNTIME_CC2590 */
    533          
    534          #if defined MAC_RUNTIME_CC2591 || defined MAC_RUNTIME_CC2590 || \
    535              defined MAC_RUNTIME_SE2431L || defined MAC_RUNTIME_CC2592 || \
    536              defined HAL_PA_LNA || defined HAL_PA_LNA_CC2590 || \
    537              defined HAL_PA_LNA_SE2431L || defined HAL_PA_LNA_CC2592
    538            { /* either if compound statement or non-conditional compound statement */
    539              
    540              /* (Re-)Configure PA and LNA control signals to RF frontend chips.
    541              * Note that The register values are not retained during sleep.
    542              */
    543              
    544              if (paLnaChip == PA_LNA_SE2431L)
    545              {
    546                /* CPS or P0_7 maps closely to the HGM line */
    547                HAL_PA_LNA_RX_HGM(); 
    548            
    549                /* EN or CSD line is controlled via software so setting it high here to start the SE2431L frontend */
    550                HAL_PA_LNA_RX_CSD_HIGH();
    551                
    552                /* CTX or P1_1 maps closely to PAEN */
    553                RFC_OBS_CTRL0 = RFC_OBS_CTRL_PA_PD_INV;
    554                OBSSEL1       = OBSSEL_OBS_CTRL0;
    555              }
    556              else if(paLnaChip == PA_LNA_CC2592)
    557              {
    558                /* P1_1 -> PAEN */
    559                RFC_OBS_CTRL0 = RFC_OBS_CTRL_PA_PD_INV;
    560                OBSSEL1       = OBSSEL_OBS_CTRL0;
    561                
    562                /* P1_0 -> EN (LNA control) */
    563                RFC_OBS_CTRL1 = RFC_OBS_CTRL_LNAMIX_PD_INV;
    564                OBSSEL0       = OBSSEL_OBS_CTRL1;
    565              }  
    566              else 
    567              {   
    568                /* P1_1 -> PAEN */
    569                RFC_OBS_CTRL0 = RFC_OBS_CTRL_PA_PD_INV;
    570                OBSSEL1       = OBSSEL_OBS_CTRL0;
    571                
    572                /* P1_4 -> EN (LNA control) */
    573                RFC_OBS_CTRL1 = RFC_OBS_CTRL_LNAMIX_PD_INV;
    574                OBSSEL4       = OBSSEL_OBS_CTRL1;
    575              }
    576              
    577              /* For any RX, change CCA settings for CC2591 compression workaround.
    578              * This will override LNA control if CC2591_COMPRESSION_WORKAROUND
    579              * flag is defined.
    580              */
    581            }
    582          #endif /* defined MAC_RUNTIME_CC2591 || ... || defined HAL_PA_LNA_SE2431L... */
    583          
    584            if (macChipVersion <= REV_B)
   \   00000B   90....       MOV     DPTR,#macChipVersion
   \   00000E   E0           MOVX    A,@DPTR
   \   00000F   C3           CLR     C
   \   000010   9412         SUBB    A,#0x12
   \   000012   502D         JNC     ??macRadioTurnOnPower_0
    585            {
    586              /* radio initializations for disappearing RAM; PG1.0 and before only */
    587              MAC_RADIO_SET_PAN_ID(macPib.panId);
   \   000014   90....       MOV     DPTR,#macPib + 29
   \   000017   E0           MOVX    A,@DPTR
   \   000018   906172       MOV     DPTR,#0x6172
   \   00001B   F0           MOVX    @DPTR,A
   \   00001C   90....       MOV     DPTR,#macPib + 30
   \   00001F   E0           MOVX    A,@DPTR
   \   000020   906173       MOV     DPTR,#0x6173
   \   000023   F0           MOVX    @DPTR,A
    588              MAC_RADIO_SET_SHORT_ADDR(macPib.shortAddress);
   \   000024   90....       MOV     DPTR,#macPib + 33
   \   000027   E0           MOVX    A,@DPTR
   \   000028   906174       MOV     DPTR,#0x6174
   \   00002B   F0           MOVX    @DPTR,A
   \   00002C   90....       MOV     DPTR,#macPib + 34
   \   00002F   E0           MOVX    A,@DPTR
   \   000030   906175       MOV     DPTR,#0x6175
   \   000033   F0           MOVX    @DPTR,A
    589              MAC_RADIO_SET_IEEE_ADDR(macPib.extendedAddress.addr.extAddr);
   \   000034                ; Setup parameters for call to function macMemWriteRam
   \   000034   7908         MOV     R1,#0x8
   \   000036   7C..         MOV     R4,#(macPib + 49) & 0xff
   \   000038   7D..         MOV     R5,#((macPib + 49) >> 8) & 0xff
   \   00003A   7A6A         MOV     R2,#0x6a
   \   00003C   7B61         MOV     R3,#0x61
   \   00003E   12....       LCALL   ??macMemWriteRam?relay; Banked call to: macMemWriteRam
    590            }
    591          
    592            /* Turn on frame filtering */
    593            MAC_RADIO_TURN_ON_RX_FRAME_FILTERING();
   \                     ??macRadioTurnOnPower_0:
   \   000041   906180       MOV     DPTR,#0x6180
   \   000044   E4           CLR     A
   \   000045   F0           MOVX    @DPTR,A
   \   000046   E0           MOVX    A,@DPTR
   \   000047   4409         ORL     A,#0x9
   \   000049   80..         SJMP    ?Subroutine0
    594          }
    595          
    596          
    597          /**************************************************************************************************
    598           * @fn          macRadioTurnOffPower
    599           *
    600           * @brief       Logic and sequence for powering down the radio.
    601           *
    602           * @param       none
    603           *
    604           * @return      none
    605           **************************************************************************************************
    606           */

   \                                 In  segment BANKED_CODE, align 1, keep-with-next
    607          MAC_INTERNAL_API void macRadioTurnOffPower(void)
   \                     macRadioTurnOffPower:
    608          {
   \   000000   C082         PUSH    DPL
   \   000002   C083         PUSH    DPH
   \   000004                ; Saved register size: 2
   \   000004                ; Auto size: 0
    609          #if defined MAC_RUNTIME_CC2591 || defined MAC_RUNTIME_CC2590 || \
    610              defined MAC_RUNTIME_SE2431L || defined MAC_RUNTIME_CC2592
    611            /* table ID is referenced only when runtime configuration is enabled */
    612            if (macRadioDefsRefTableId & 0xf0)
    613          #endif /* defined MAC_RUNTIME_CC2591 || defined MAC_RUNTIME_CC2590 */
    614          
    615          #if defined MAC_RUNTIME_CC2591 || defined MAC_RUNTIME_CC2590 || \
    616              defined MAC_RUNTIME_SE2431L || defined MAC_RUNTIME_CC2592 || \
    617              defined HAL_PA_LNA || defined HAL_PA_LNA_CC2590 || \
    618              defined HAL_PA_LNA_SE2431L || defined HAL_PA_LNA_CC2592
    619            { /* either if compound statement or non-conditional compound statement */
    620              
    621              if (paLnaChip == PA_LNA_SE2431L)
    622              {
    623                HAL_PA_LNA_RX_LGM(); 
    624                HAL_PA_LNA_RX_CSD_LOW();
    625              }
    626            }
    627            #endif /* defined MAC_RUNTIME_CC2591 || ... || defined HAL_PA_LNA_SE2431L */
    628            /* Disable RF error trap */
    629            MAC_MCU_RFERR_DISABLE_INTERRUPT();
   \   000004   9061A5       MOV     DPTR,#0x61a5
   \   000007   E0           MOVX    A,@DPTR
   \   000008   C2E2         CLR     0xE0 /* A   */.2
   \   00000A   80..         SJMP    ?Subroutine0
    630          }

   \                                 In  segment BANK_RELAYS, align 1
   \                     ??MAC_SetRadioRegTable?relay:
   \   000000   12....       LCALL   ?BDISPATCH
   \   000003   ......       DC24    MAC_SetRadioRegTable

   \                                 In  segment BANK_RELAYS, align 1
   \                     ??macRadioTurnOnPower?relay:
   \   000000   12....       LCALL   ?BDISPATCH
   \   000003   ......       DC24    macRadioTurnOnPower

   \                                 In  segment BANK_RELAYS, align 1
   \                     ??macRadioTurnOffPower?relay:
   \   000000   12....       LCALL   ?BDISPATCH
   \   000003   ......       DC24    macRadioTurnOffPower
    631          
    632          
    633          /**************************************************************************************************
    634           *                                  Compile Time Integrity Checks
    635           **************************************************************************************************
    636           */
    637          #if (HAL_CPU_CLOCK_MHZ != 32)
    638          #error "ERROR: The only tested/supported clock speed is 32 MHz."
    639          #endif
    640          
    641          #if (MAC_RADIO_RECEIVER_SENSITIVITY_DBM > MAC_SPEC_MIN_RECEIVER_SENSITIVITY)
    642          #error "ERROR: Radio sensitivity does not meet specification."
    643          #endif
    644          
    645          #if defined (HAL_PA_LNA) && defined (HAL_PA_LNA_CC2590)
    646          #error "ERROR: HAL_PA_LNA and HAL_PA_LNA_CC2590 cannot be both defined."
    647          #endif
    648          
    649          #if defined (HAL_PA_LNA) && defined (MAC_RUNTIME_CC2591)
    650          #error "ERROR: HAL_PA_LNA and MAC_RUNTIME_CC2591 cannot be both defined."
    651          #endif
    652          
    653          #if defined (HAL_PA_LNA_CC2590) && defined (MAC_RUNTIME_CC2590)
    654          #error "ERROR: HAL_PA_LNA_CC2590 and MAC_RUNTIME_CC2590 cannot be both defined."
    655          #endif
    656          
    657          #if defined (HAL_PA_LNA_SE2431L) && defined (MAC_RUNTIME_SE2431L)
    658          #error "ERROR: HAL_PA_LNA_SE2431L and MAC_RUNTIME_SE2431L cannot be both defined."
    659          #endif
    660          
    661          #if defined (HAL_PA_LNA_CC2592) && defined (MAC_RUNTIME_CC2592)
    662          #error "ERROR: HAL_PA_LNA_CC2592 and MAC_RUNTIME_CC2592 cannot be both defined."
    663          #endif
    664          
    665          #if defined (CC2591_COMPRESSION_WORKAROUND)
    666          #warning "WARNING: Contact TI customer support if your reference design is based on CC2530-CC2591EM rev 2.0 or prior."
    667          #endif
    668          
    669          /**************************************************************************************************
    670           */

   Maximum stack usage in bytes:

   ISTACK Function
   ------ --------
      2   MAC_SetRadioRegTable
      2   macRadioTurnOffPower
      2   macRadioTurnOnPower
        2   -> macMemWriteRam


   Segment part sizes:

   Bytes  Function/Label
   -----  --------------
       6  ??MAC_SetRadioRegTable?relay
       6  ??macRadioTurnOffPower?relay
       6  ??macRadioTurnOnPower?relay
       8  ?Subroutine0
       8  MAC_SetRadioRegTable
       1  P0DIR
       1  P1DIR
       1  _A_P1
      28  macRadioDefsTxPwrBare
      30  macRadioDefsTxPwrBare0x95
      12  macRadioTurnOffPower
      75  macRadioTurnOnPower
       1  paLnaChip
       1  reqTxBoost

 
 103 bytes in segment BANKED_CODE
  18 bytes in segment BANK_RELAYS
  58 bytes in segment CODE_C
   3 bytes in segment SFR_AN
   2 bytes in segment XDATA_Z
 
 179 bytes of CODE  memory
   0 bytes of DATA  memory (+ 3 bytes shared)
   2 bytes of XDATA memory

Errors: none
Warnings: none
