###############################################################################
#                                                                             #
# IAR C/C++ Compiler V8.30.1.41636 for 8051             04/Nov/2015  21:34:59 #
# Copyright 2004-2013 IAR Systems AB.                                         #
#                                                                             #
#    Core               =  plain                                              #
#    Code model         =  banked                                             #
#    Data model         =  large                                              #
#    Calling convention =  xdata reentrant                                    #
#    Constant location  =  data_rom                                           #
#    Dptr setup         =  1,16                                               #
#                                                                             #
#    Source file        =  C:\Users\paolo\Documents\GitHub\zpowermeter\firmwa #
#                          re\Source\PowerMeter.c                             #
#    Command line       =  -f C:\Users\paolo\Documents\GitHub\zpowermeter\fir #
#                          mware\CC2530DB\..\Tools\f8wRouter.cfg (-DCPU32MHZ  #
#                          -DROOT=__near_func -DMAC_CFG_APP_PENDING_QUEUE=TRU #
#                          E -DMAC_CFG_TX_DATA_MAX=5 -DMAC_CFG_TX_MAX=8       #
#                          -DMAC_CFG_RX_MAX=5 -DRTR_NWK) -f                   #
#                          C:\Users\paolo\Documents\GitHub\zpowermeter\firmwa #
#                          re\CC2530DB\..\Tools\f8wConfig.cfg (-DZIGBEEPRO    #
#                          -DSECURE=0 -DZG_SECURE_DYNAMIC=0 -DREFLECTOR       #
#                          -DDEFAULT_CHANLIST=0x00000800                      #
#                          -DZDAPP_CONFIG_PAN_ID=0xFFFF                       #
#                          -DNWK_START_DELAY=100 -DEXTENDED_JOINING_RANDOM_MA #
#                          SK=0x007F -DBEACON_REQUEST_DELAY=100               #
#                          -DBEACON_REQ_DELAY_MASK=0x00FF                     #
#                          -DLINK_STATUS_JITTER_MASK=0x007F                   #
#                          -DROUTE_EXPIRY_TIME=30 -DAPSC_ACK_WAIT_DURATION_PO #
#                          LLED=3000 -DNWK_INDIRECT_MSG_TIMEOUT=7             #
#                          -DMAX_RREQ_ENTRIES=8 -DAPSC_MAX_FRAME_RETRIES=3    #
#                          -DNWK_MAX_DATA_RETRIES=2                           #
#                          -DMAX_POLL_FAILURE_RETRIES=2 -DMAX_BCAST=9         #
#                          -DAPS_MAX_GROUPS=16 -DMAX_RTG_ENTRIES=40           #
#                          -DNWK_MAX_BINDING_ENTRIES=4                        #
#                          -DMAX_BINDING_CLUSTER_IDS=4 "-DDEFAULT_KEY={0x01,  #
#                          0x03, 0x05, 0x07, 0x09, 0x0B, 0x0D, 0x0F, 0x00,    #
#                          0x02, 0x04, 0x06, 0x08, 0x0A, 0x0C, 0x0D}"         #
#                          -DMAC_MAX_FRAME_SIZE=116                           #
#                          -DZDNWKMGR_MIN_TRANSMISSIONS=20 "-DCONST=const     #
#                          __code" -DGENERIC=__generic                        #
#                          -DRFD_RCVC_ALWAYS_ON=FALSE -DPOLL_RATE=5000        #
#                          -DQUEUED_POLL_RATE=100 -DRESPONSE_POLL_RATE=100    #
#                          -DREJOIN_POLL_RATE=440) -f                         #
#                          C:\Users\paolo\Documents\GitHub\zpowermeter\firmwa #
#                          re\CC2530DB\..\Tools\f8wZCL.cfg                    #
#                          C:\Users\paolo\Documents\GitHub\zpowermeter\firmwa #
#                          re\Source\PowerMeter.c -D SECURE=0 -D              #
#                          OSC32K_CRYSTAL_INSTALLED=FALSE -D HAL_KEY=FALSE    #
#                          -D HAL_BOARD_CC2530EB_REV17 -D TC_LINKKEY_JOIN -D  #
#                          NV_INIT -D xNV_RESTORE -D MULTICAST_ENABLED=FALSE  #
#                          -D ZCL_READ -D ZCL_WRITE -D ZCL_REPORT -D          #
#                          FEATURE_SYSTEM_STATS -lC                           #
#                          C:\Users\paolo\Documents\GitHub\zpowermeter\firmwa #
#                          re\CC2530DB\RouterEB\List\ -lA                     #
#                          C:\Users\paolo\Documents\GitHub\zpowermeter\firmwa #
#                          re\CC2530DB\RouterEB\List\ --diag_suppress         #
#                          Pe001,Pa010 -o C:\Users\paolo\Documents\GitHub\zpo #
#                          wermeter\firmware\CC2530DB\RouterEB\Obj\ -e        #
#                          --debug --core=plain --dptr=16,1                   #
#                          --data_model=large --code_model=banked             #
#                          --calling_convention=xdata_reentrant               #
#                          --place_constants=data_rom --nr_virtual_regs 16    #
#                          -I C:\Users\paolo\Documents\GitHub\zpowermeter\fir #
#                          mware\CC2530DB\ -I C:\Users\paolo\Documents\GitHub #
#                          \zpowermeter\firmware\CC2530DB\..\Source\ -I       #
#                          C:\Users\paolo\Documents\GitHub\zpowermeter\firmwa #
#                          re\CC2530DB\..\Source\ha\ -I                       #
#                          C:\Users\paolo\Documents\GitHub\zpowermeter\firmwa #
#                          re\CC2530DB\..\Source\zmain\ -I                    #
#                          C:\Users\paolo\Documents\GitHub\zpowermeter\firmwa #
#                          re\CC2530DB\..\Components\hal\include\ -I          #
#                          C:\Users\paolo\Documents\GitHub\zpowermeter\firmwa #
#                          re\CC2530DB\..\Components\hal\target\CC2530EB\ -I  #
#                          C:\Users\paolo\Documents\GitHub\zpowermeter\firmwa #
#                          re\CC2530DB\..\Components\mac\include\ -I          #
#                          C:\Users\paolo\Documents\GitHub\zpowermeter\firmwa #
#                          re\CC2530DB\..\Components\mac\high_level\ -I       #
#                          C:\Users\paolo\Documents\GitHub\zpowermeter\firmwa #
#                          re\CC2530DB\..\Components\mac\low_level\srf04\ -I  #
#                          C:\Users\paolo\Documents\GitHub\zpowermeter\firmwa #
#                          re\CC2530DB\..\Components\mac\low_level\srf04\sing #
#                          le_chip\ -I C:\Users\paolo\Documents\GitHub\zpower #
#                          meter\firmware\CC2530DB\..\Components\mt\ -I       #
#                          C:\Users\paolo\Documents\GitHub\zpowermeter\firmwa #
#                          re\CC2530DB\..\Components\osal\include\ -I         #
#                          C:\Users\paolo\Documents\GitHub\zpowermeter\firmwa #
#                          re\CC2530DB\..\Components\services\saddr\ -I       #
#                          C:\Users\paolo\Documents\GitHub\zpowermeter\firmwa #
#                          re\CC2530DB\..\Components\services\sdata\ -I       #
#                          C:\Users\paolo\Documents\GitHub\zpowermeter\firmwa #
#                          re\CC2530DB\..\Components\stack\af\ -I             #
#                          C:\Users\paolo\Documents\GitHub\zpowermeter\firmwa #
#                          re\CC2530DB\..\Components\stack\nwk\ -I            #
#                          C:\Users\paolo\Documents\GitHub\zpowermeter\firmwa #
#                          re\CC2530DB\..\Components\stack\sapi\ -I           #
#                          C:\Users\paolo\Documents\GitHub\zpowermeter\firmwa #
#                          re\CC2530DB\..\Components\stack\sec\ -I            #
#                          C:\Users\paolo\Documents\GitHub\zpowermeter\firmwa #
#                          re\CC2530DB\..\Components\stack\sys\ -I            #
#                          C:\Users\paolo\Documents\GitHub\zpowermeter\firmwa #
#                          re\CC2530DB\..\Components\stack\zcl\ -I            #
#                          C:\Users\paolo\Documents\GitHub\zpowermeter\firmwa #
#                          re\CC2530DB\..\Components\stack\zdo\ -I            #
#                          C:\Users\paolo\Documents\GitHub\zpowermeter\firmwa #
#                          re\CC2530DB\..\Components\zmac\ -I                 #
#                          C:\Users\paolo\Documents\GitHub\zpowermeter\firmwa #
#                          re\CC2530DB\..\Components\zmac\f8w\ -Ohz           #
#                          --require_prototypes                               #
#    List file          =  C:\Users\paolo\Documents\GitHub\zpowermeter\firmwa #
#                          re\CC2530DB\RouterEB\List\PowerMeter.lst           #
#    Object file        =  C:\Users\paolo\Documents\GitHub\zpowermeter\firmwa #
#                          re\CC2530DB\RouterEB\Obj\PowerMeter.r51            #
#                                                                             #
#                                                                             #
###############################################################################

C:\Users\paolo\Documents\GitHub\zpowermeter\firmware\Source\PowerMeter.c
      1          /**************************************************************************************************
      2          
      3           DESCRIPTION:
      4            --
      5          
      6           CREATED: 14/10/2015, by Paolo Achdjian
      7          
      8           FILE: PowerMeter.c
      9          
     10          ***************************************************************************************************/
     11          
     12          #include "ZComDef.h"
     13          #include "OSAL.h"
     14          #include "AF.h"
     15          #include "ZDApp.h"
     16          
     17          #include "zcl.h"
     18          #include "zcl_general.h"
     19          #include "zcl_ha.h"
     20          #include "PowerMeter.h"
     21          #include "onboard.h"

   \                                 In  segment SFR_AN, at 0xa8
   \   union <unnamed> volatile __sfr _A_IEN0
   \                     _A_IEN0:
   \   000000                DS 1
     22          /* HAL */
     23          #include "hal_lcd.h"
     24          #include "hal_led.h"
     25          #include "hal_key.h"
     26          #include "zclReadAttributeFn.h"
     27          #include "zclWriteAttributeFn.h"
     28          #include "clusters/ClusterIdentify.h"
     29          #include "clusters/ClusterBasic.h"
     30          #include "clusters/ClusterOnOff.h"
     31          

   \                                 In  segment XDATA_Z, align 1, keep-with-next
     32          static byte zPowerMeterTaskID;
   \                     zPowerMeterTaskID:
   \   000000                DS 1
   \   000001                REQUIRE __INIT_XDATA_Z
     33          
     34          
     35          static void zPowerMeter_ProcessIncomingMsg( zclIncomingMsg_t *msg );
     36          static uint8 zPowerMeter_ProcessInReadRspCmd( zclIncomingMsg_t *pInMsg );
     37          static uint8 zPowerMeter_ProcessInWriteRspCmd( zclIncomingMsg_t *pInMsg );
     38          static uint8 zPowerMeter_ProcessInDefaultRspCmd( zclIncomingMsg_t *pInMsg );
     39          #ifdef ZCL_DISCOVER
     40          static uint8 zPowerMeter_ProcessInDiscRspCmd( zclIncomingMsg_t *pInMsg );
     41          #endif
     42          static ZStatus_t handleClusterCommands( zclIncoming_t *pInMsg );
     43          /*********************************************************************
     44           * ZCL General Profile Callback table
     45           */
     46          /*********************************************************************
     47           * @fn          temperatureHumiditySensor_Init
     48           *
     49           * @brief       Initialization function for the zclGeneral layer.
     50           *
     51           * @param       none
     52           *
     53           * @return      none
     54           */

   \                                 In  segment BANKED_CODE, align 1, keep-with-next
     55          void powerMeter_Init( byte task_id ){
   \                     powerMeter_Init:
   \   000000                REQUIRE ?V0
   \   000000                REQUIRE ?V1
   \   000000   74F6         MOV     A,#-0xa
   \   000002   12....       LCALL   ?BANKED_ENTER_XDATA
   \   000005                ; Saved register size: 10
   \   000005                ; Auto size: 0
   \   000005   E9           MOV     A,R1
     56          	zPowerMeterTaskID = task_id;
   \   000006   90....       MOV     DPTR,#zPowerMeterTaskID
   \   000009   F0           MOVX    @DPTR,A
     57          	zclHA_Init( &OnOff_SimpleDesc );
   \   00000A                ; Setup parameters for call to function zclHA_Init
   \   00000A   7A..         MOV     R2,#OnOff_SimpleDesc & 0xff
   \   00000C   7B..         MOV     R3,#(OnOff_SimpleDesc >> 8) & 0xff
   \   00000E   12....       LCALL   ??zclHA_Init?relay   ; Banked call to: zclHA_Init
     58          	zcl_registerPlugin( ZCL_CLUSTER_ID_GEN_BASIC,  ZCL_CLUSTER_ID_GEN_MULTISTATE_VALUE_BASIC, handleClusterCommands );
   \   000011                ; Setup parameters for call to function zcl_registerPlugin
   \   000011   75....       MOV     ?V0,#??handleClusterCommands?relay & 0xff
   \   000014   75....       MOV     ?V1,#(??handleClusterCommands?relay >> 8) & 0xff
   \   000017   78..         MOV     R0,#?V0
   \   000019   12....       LCALL   ?PUSH_XSTACK_I_TWO
   \   00001C   7C14         MOV     R4,#0x14
   \   00001E   7D00         MOV     R5,#0x0
   \   000020   7A00         MOV     R2,#0x0
   \   000022   7B00         MOV     R3,#0x0
   \   000024   12....       LCALL   ??zcl_registerPlugin?relay; Banked call to: zcl_registerPlugin
   \   000027   7402         MOV     A,#0x2
   \   000029   12....       LCALL   ?DEALLOC_XSTACK8
     59           	
     60          	addReadAttributeFn(ENDPOINT_ONOFF, ZCL_CLUSTER_ID_GEN_BASIC,basicClusterReadAttribute);
   \   00002C                ; Setup parameters for call to function addReadAttributeFn
   \   00002C   7C..         MOV     R4,#??basicClusterReadAttribute?relay & 0xff
   \   00002E   7D..         MOV     R5,#(??basicClusterReadAttribute?relay >> 8) & 0xff
   \   000030   7A00         MOV     R2,#0x0
   \   000032   7B00         MOV     R3,#0x0
   \   000034   790D         MOV     R1,#0xd
   \   000036   12....       LCALL   ??addReadAttributeFn?relay; Banked call to: addReadAttributeFn
     61          	addWriteAttributeFn(ENDPOINT_ONOFF, ZCL_CLUSTER_ID_GEN_BASIC,basicClusterWriteAttribute);
   \   000039                ; Setup parameters for call to function addWriteAttributeFn
   \   000039   7C..         MOV     R4,#??basicClusterWriteAttribute?relay & 0xff
   \   00003B   7D..         MOV     R5,#(??basicClusterWriteAttribute?relay >> 8) & 0xff
   \   00003D   7A00         MOV     R2,#0x0
   \   00003F   7B00         MOV     R3,#0x0
   \   000041   790D         MOV     R1,#0xd
   \   000043   12....       LCALL   ??addWriteAttributeFn?relay; Banked call to: addWriteAttributeFn
     62          
     63          	zcl_registerForMsg( zPowerMeterTaskID );
   \   000046                ; Setup parameters for call to function zcl_registerForMsg
   \   000046   90....       MOV     DPTR,#zPowerMeterTaskID
   \   000049   E0           MOVX    A,@DPTR
   \   00004A   F9           MOV     R1,A
   \   00004B   12....       LCALL   ??zcl_registerForMsg?relay; Banked call to: zcl_registerForMsg
     64            
     65            	EA=1;
   \   00004E   D2AF         SETB    0xa8.7
     66           	identifyInit(zPowerMeterTaskID);
   \   000050                ; Setup parameters for call to function identifyInit
   \   000050   90....       MOV     DPTR,#zPowerMeterTaskID
   \   000053   E0           MOVX    A,@DPTR
   \   000054   F9           MOV     R1,A
   \   000055   12....       LCALL   ??identifyInit?relay ; Banked call to: identifyInit
     67          	onOffInit();
   \   000058                ; Setup parameters for call to function onOffInit
   \   000058   12....       LCALL   ??onOffInit?relay    ; Banked call to: onOffInit
     68          }
   \   00005B                REQUIRE ?Subroutine0
   \   00005B                REQUIRE _A_IEN0
   \   00005B                ; // Fall through to label ?Subroutine0

   \                                 In  segment BANKED_CODE, align 1, keep-with-next
   \                     ?Subroutine0:
   \   000000   7F02         MOV     R7,#0x2
   \   000002   02....       LJMP    ?BANKED_LEAVE_XDATA
     69          
     70          /*********************************************************************
     71           * @fn          zclSample_event_loop
     72           *
     73           * @brief       Event Loop Processor for zclGeneral.
     74           *
     75           * @param       none
     76           *
     77           * @return      none
     78           */

   \                                 In  segment BANKED_CODE, align 1, keep-with-next
     79          uint16 powerMeterEventLoop( uint8 task_id, uint16 events ){
   \                     powerMeterEventLoop:
   \   000000                REQUIRE ?V0
   \   000000                REQUIRE ?V1
   \   000000                REQUIRE ?V2
   \   000000                REQUIRE ?V3
   \   000000   74F4         MOV     A,#-0xc
   \   000002   12....       LCALL   ?BANKED_ENTER_XDATA
   \   000005                ; Saved register size: 12
   \   000005                ; Auto size: 0
   \   000005   8A..         MOV     ?V0,R2
   \   000007   8B..         MOV     ?V1,R3
     80          	afIncomingMSGPacket_t *MSGpkt;
     81            
     82          	  (void)task_id;  // Intentionally unreferenced parameter
     83          	 if ( events & SYS_EVENT_MSG ){
   \   000009   EB           MOV     A,R3
   \   00000A   5480         ANL     A,#0x80
   \   00000C   7029         JNZ     ??powerMeterEventLoop_0
     84          		while ( (MSGpkt = (afIncomingMSGPacket_t *)osal_msg_receive( zPowerMeterTaskID )) )  {
     85          			switch ( MSGpkt->hdr.event ) {
     86          				case ZCL_INCOMING_MSG:
     87                    			// Incoming ZCL Foundation command/response messages
     88                    			zPowerMeter_ProcessIncomingMsg( (zclIncomingMsg_t *)MSGpkt );
     89                    			break;
     90          		       default:
     91                  		  break;
     92                		}
     93          
     94                  osal_msg_deallocate( (uint8 *)MSGpkt );
     95              	}
     96          
     97              	return (events ^ SYS_EVENT_MSG);
     98          	}
     99          	
    100          	if ( events & IDENTIFY_TIMEOUT_EVT ) {
   \   00000E   EA           MOV     A,R2
   \   00000F   A2E0         MOV     C,0xE0 /* A   */.0
   \   000011   5076         JNC     ??powerMeterEventLoop_1
    101          		return identifyLoop(events);
   \   000013                ; Setup parameters for call to function identifyLoop
   \   000013   12....       LCALL   ??identifyLoop?relay ; Banked call to: identifyLoop
   \   000016   8075         SJMP    ??powerMeterEventLoop_2
    102          	}
   \                     ??powerMeterEventLoop_3:
   \   000018   09           INC     R1
   \                     ??powerMeterEventLoop_4:
   \   000019   E0           MOVX    A,@DPTR
   \   00001A   F8           MOV     R0,A
   \   00001B   E9           MOV     A,R1
   \   00001C   C3           CLR     C
   \   00001D   98           SUBB    A,R0
   \   00001E   40F8         JC      ??powerMeterEventLoop_3
   \                     ??powerMeterEventLoop_5:
   \   000020   8A82         MOV     DPL,R2
   \   000022   8B83         MOV     DPH,R3
   \   000024   E0           MOVX    A,@DPTR
   \   000025   FA           MOV     R2,A
   \   000026   A3           INC     DPTR
   \   000027   E0           MOVX    A,@DPTR
   \   000028   FB           MOV     R3,A
   \   000029   EA           MOV     A,R2
   \   00002A   4B           ORL     A,R3
   \   00002B   6003         JZ      ??powerMeterEventLoop_6
   \   00002D                ; Setup parameters for call to function osal_mem_free
   \   00002D   12....       LCALL   ??osal_mem_free?relay; Banked call to: osal_mem_free
   \                     ??powerMeterEventLoop_6:
   \   000030                ; Setup parameters for call to function osal_msg_deallocate
   \   000030   EE           MOV     A,R6
   \   000031   FA           MOV     R2,A
   \   000032   EF           MOV     A,R7
   \   000033   FB           MOV     R3,A
   \   000034   12....       LCALL   ??osal_msg_deallocate?relay; Banked call to: osal_msg_deallocate
   \                     ??powerMeterEventLoop_0:
   \   000037                ; Setup parameters for call to function osal_msg_receive
   \   000037   90....       MOV     DPTR,#zPowerMeterTaskID
   \   00003A   E0           MOVX    A,@DPTR
   \   00003B   F9           MOV     R1,A
   \   00003C   12....       LCALL   ??osal_msg_receive?relay; Banked call to: osal_msg_receive
   \   00003F   8A..         MOV     ?V2,R2
   \   000041   8B..         MOV     ?V3,R3
   \   000043   AE..         MOV     R6,?V2
   \   000045   AF..         MOV     R7,?V3
   \   000047   EE           MOV     A,R6
   \   000048   4F           ORL     A,R7
   \   000049   6035         JZ      ??powerMeterEventLoop_7
   \   00004B   8E82         MOV     DPL,R6
   \   00004D   8F83         MOV     DPH,R7
   \   00004F   E0           MOVX    A,@DPTR
   \   000050   6434         XRL     A,#0x34
   \   000052   70DC         JNZ     ??powerMeterEventLoop_6
   \   000054   EE           MOV     A,R6
   \   000055   2417         ADD     A,#0x17
   \   000057   F8           MOV     R0,A
   \   000058   E4           CLR     A
   \   000059   3F           ADDC    A,R7
   \   00005A   F9           MOV     R1,A
   \   00005B   E8           MOV     A,R0
   \   00005C   FA           MOV     R2,A
   \   00005D   E9           MOV     A,R1
   \   00005E   FB           MOV     R3,A
   \   00005F   A3           INC     DPTR
   \   000060   A3           INC     DPTR
   \   000061   A3           INC     DPTR
   \   000062   A3           INC     DPTR
   \   000063   A3           INC     DPTR
   \   000064   A3           INC     DPTR
   \   000065   A3           INC     DPTR
   \   000066   E0           MOVX    A,@DPTR
   \   000067   14           DEC     A
   \   000068   6011         JZ      ??powerMeterEventLoop_8
   \   00006A   24FD         ADD     A,#-0x3
   \   00006C   70B2         JNZ     ??powerMeterEventLoop_5
   \   00006E   12....       LCALL   ?Subroutine1 & 0xFFFF
   \                     ??CrossCallReturnLabel_0:
   \   000071   E0           MOVX    A,@DPTR
   \   000072   F8           MOV     R0,A
   \   000073   E9           MOV     A,R1
   \   000074   C3           CLR     C
   \   000075   98           SUBB    A,R0
   \   000076   50A8         JNC     ??powerMeterEventLoop_5
   \   000078   09           INC     R1
   \   000079   80F6         SJMP    ??CrossCallReturnLabel_0
   \                     ??powerMeterEventLoop_8:
   \   00007B   12....       LCALL   ?Subroutine1 & 0xFFFF
   \                     ??CrossCallReturnLabel_1:
   \   00007E   8099         SJMP    ??powerMeterEventLoop_4
   \                     ??powerMeterEventLoop_7:
   \   000080   AA..         MOV     R2,?V0
   \   000082   E5..         MOV     A,?V1
   \   000084   6480         XRL     A,#0x80
   \   000086   FB           MOV     R3,A
   \   000087   8004         SJMP    ??powerMeterEventLoop_2
    103          	
    104           	return 0;
   \                     ??powerMeterEventLoop_1:
   \   000089   7A00         MOV     R2,#0x0
   \   00008B   7B00         MOV     R3,#0x0
   \                     ??powerMeterEventLoop_2:
   \   00008D   7F04         MOV     R7,#0x4
   \   00008F   02....       LJMP    ?BANKED_LEAVE_XDATA
    105          }

   \                                 In  segment BANKED_CODE, align 1, keep-with-next
   \                     ?Subroutine1:
   \   000000   8A82         MOV     DPL,R2
   \   000002   8B83         MOV     DPH,R3
   \   000004   E0           MOVX    A,@DPTR
   \   000005   F8           MOV     R0,A
   \   000006   A3           INC     DPTR
   \   000007   E0           MOVX    A,@DPTR
   \   000008   F9           MOV     R1,A
   \   000009   8882         MOV     DPL,R0
   \   00000B   8983         MOV     DPH,R1
   \   00000D   7900         MOV     R1,#0x0
   \   00000F   22           RET
    106          
    107          /****************************************************************************** 
    108           * 
    109           *  Functions for processing ZCL Foundation incoming Command/Response messages
    110           *
    111           *****************************************************************************/
    112          
    113          /*********************************************************************
    114           * @fn      zPowerMeter_ProcessIncomingMsg
    115           *
    116           * @brief   Process ZCL Foundation incoming message
    117           *
    118           * @param   pInMsg - pointer to the received message
    119           *
    120           * @return  none
    121           */
    122          static void zPowerMeter_ProcessIncomingMsg( zclIncomingMsg_t *pInMsg){
    123          	switch ( pInMsg->zclHdr.commandID ){
    124          		case ZCL_CMD_READ_RSP:
    125          			zPowerMeter_ProcessInReadRspCmd( pInMsg );
    126          			break;
    127          		case ZCL_CMD_WRITE_RSP:
    128          			zPowerMeter_ProcessInWriteRspCmd( pInMsg );
    129          			break;
    130          #ifdef ZCL_REPORT
    131              // See ZCL Test Applicaiton (zcl_testapp.c) for sample code on Attribute Reporting
    132          		case ZCL_CMD_CONFIG_REPORT:
    133                	//zclSampleLight_ProcessInConfigReportCmd( pInMsg );
    134          			break;
    135              
    136          		case ZCL_CMD_CONFIG_REPORT_RSP:
    137                //zclSampleLight_ProcessInConfigReportRspCmd( pInMsg );
    138          			break;
    139              
    140          		case ZCL_CMD_READ_REPORT_CFG:
    141                //zclSampleLight_ProcessInReadReportCfgCmd( pInMsg );
    142          			break;
    143              
    144          		case ZCL_CMD_READ_REPORT_CFG_RSP:
    145                //zclSampleLight_ProcessInReadReportCfgRspCmd( pInMsg );
    146          			break;
    147              
    148          		case ZCL_CMD_REPORT:
    149                	//zclSampleLight_ProcessInReportCmd( pInMsg );
    150          			break;
    151          #endif   
    152          		case ZCL_CMD_DEFAULT_RSP:
    153          			zPowerMeter_ProcessInDefaultRspCmd( pInMsg );
    154          			break;
    155          #ifdef ZCL_DISCOVER     
    156          		case ZCL_CMD_DISCOVER_RSP:
    157          			zPowerMeter_ProcessInDiscRspCmd( pInMsg );
    158          			break;
    159          #endif  
    160          		default:
    161          			break;
    162          	}
    163            
    164          	if ( pInMsg->attrCmd )
    165              	osal_mem_free( pInMsg->attrCmd );
    166          }
    167          
    168          /*********************************************************************
    169           * @fn      zPowerMeter_ProcessInReadRspCmd
    170           *
    171           * @brief   Process the "Profile" Read Response Command
    172           *
    173           * @param   pInMsg - incoming message to process
    174           *
    175           * @return  none
    176           */
    177          static uint8 zPowerMeter_ProcessInReadRspCmd( zclIncomingMsg_t *pInMsg ){
    178          	zclReadRspCmd_t *readRspCmd;
    179          	uint8 i;
    180          
    181          	readRspCmd = (zclReadRspCmd_t *)pInMsg->attrCmd;
    182          	for (i = 0; i < readRspCmd->numAttr; i++){
    183          		// Notify the originator of the results of the original read attributes attempt and, for each successfull request, the value of the requested attribute
    184          	}
    185          
    186          	return TRUE; 
    187          }
    188          
    189          /*********************************************************************
    190           * @fn      zPowerMeter_ProcessInWriteRspCmd
    191           *
    192           * @brief   Process the "Profile" Write Response Command
    193           *
    194           * @param   pInMsg - incoming message to process
    195           *
    196           * @return  none
    197           */
    198          static uint8 zPowerMeter_ProcessInWriteRspCmd( zclIncomingMsg_t *pInMsg ){
    199           	zclWriteRspCmd_t *writeRspCmd;
    200           	uint8 i;
    201          
    202           	writeRspCmd = (zclWriteRspCmd_t *)pInMsg->attrCmd;
    203           	for (i = 0; i < writeRspCmd->numAttr; i++) {
    204          		// Notify the device of the results of the its original write attributes command.
    205           	}
    206          
    207           	return TRUE; 
    208          }
    209          
    210          /*********************************************************************
    211           * @fn      zPowerMeter_ProcessInDefaultRspCmd
    212           *
    213           * @brief   Process the "Profile" Default Response Command
    214           *
    215           * @param   pInMsg - incoming message to process
    216           *
    217           * @return  none
    218           */
    219          static uint8 zPowerMeter_ProcessInDefaultRspCmd( zclIncomingMsg_t *pInMsg ){
    220          	// zclDefaultRspCmd_t *defaultRspCmd = (zclDefaultRspCmd_t *)pInMsg->attrCmd;
    221             
    222          	// Device is notified of the Default Response command.
    223            	(void)pInMsg;
    224            
    225            	return TRUE; 
    226          }
    227          
    228          #ifdef ZCL_DISCOVER
    229          /*********************************************************************
    230           * @fn      zPowerMeter_ProcessInDiscRspCmd
    231           *
    232           * @brief   Process the "Profile" Discover Response Command
    233           *
    234           * @param   pInMsg - incoming message to process
    235           *
    236           * @return  none
    237           */
    238          static uint8 zPowerMeter_ProcessInDiscRspCmd( zclIncomingMsg_t *pInMsg ){
    239          	zclDiscoverRspCmd_t *discoverRspCmd;
    240           	uint8 i;
    241            
    242           	discoverRspCmd = (zclDiscoverRspCmd_t *)pInMsg->attrCmd;
    243            	for ( i = 0; i < discoverRspCmd->numAttr; i++ ) {
    244          		// Device is notified of the result of its attribute discovery command.
    245            	}
    246            
    247           	return TRUE;
    248          }
    249          #endif // ZCL_DISCOVER
    250          
    251          /*********************************************************************
    252           * @brief      dispatch the cluster command to the right callback function
    253           *
    254           * @param   pInMsg - incoming message to process
    255           *
    256           * @return  none
    257           */

   \                                 In  segment BANKED_CODE, align 1, keep-with-next
    258          static ZStatus_t handleClusterCommands( zclIncoming_t *pInMsg ){
   \                     handleClusterCommands:
   \   000000                REQUIRE ?V0
   \   000000                REQUIRE ?V1
   \   000000   74F6         MOV     A,#-0xa
   \   000002   12....       LCALL   ?BANKED_ENTER_XDATA
   \   000005                ; Saved register size: 10
   \   000005                ; Auto size: 0
   \   000005   8A82         MOV     DPL,R2
   \   000007   8B83         MOV     DPH,R3
   \   000009   E0           MOVX    A,@DPTR
   \   00000A   F8           MOV     R0,A
   \   00000B   A3           INC     DPTR
   \   00000C   E0           MOVX    A,@DPTR
   \   00000D   F583         MOV     DPH,A
   \   00000F   8882         MOV     DPL,R0
   \   000011   A3           INC     DPTR
   \   000012   A3           INC     DPTR
   \   000013   A3           INC     DPTR
   \   000014   A3           INC     DPTR
   \   000015   E0           MOVX    A,@DPTR
   \   000016   F5..         MOV     ?V0,A
   \   000018   A3           INC     DPTR
   \   000019   E0           MOVX    A,@DPTR
   \   00001A   F5..         MOV     ?V1,A
   \   00001C   8A82         MOV     DPL,R2
   \   00001E   8B83         MOV     DPH,R3
   \   000020   A3           INC     DPTR
   \   000021   A3           INC     DPTR
   \   000022   E0           MOVX    A,@DPTR
   \   000023   5408         ANL     A,#0x8
   \   000025   701C         JNZ     ??handleClusterCommands_0
    259          	ZStatus_t stat = ZFailure;
    260          
    261          	if (zcl_ServerCmd( pInMsg->hdr.fc.direction ) ) {
    262          		switch ( pInMsg->msg->clusterId ){
   \   000027   78..         MOV     R0,#?V0
   \   000029   12....       LCALL   ?US_SWITCH_DENSE
   \                     `?<Jumptable for handleClusterCommands>_0`:
   \   00002C   0000         DW        0
   \   00002E   03           DB        3
   \   00002F   ....         DW        ??handleClusterCommands_1
   \   000031   ....         DW        ??handleClusterCommands_2
   \   000033   ....         DW        ??handleClusterCommands_1
   \   000035   ....         DW        ??handleClusterCommands_1
   \   000037   ....         DW        ??handleClusterCommands_3
    263          		    case ZCL_CLUSTER_ID_GEN_BASIC:
    264              		return processBasicClusterCommands(pInMsg);
   \                     ??handleClusterCommands_2:
   \   000039                ; Setup parameters for call to function processBasicClusterCommands
   \   000039   12....       LCALL   ??processBasicClusterCommands?relay; Banked call to: processBasicClusterCommands
   \   00003C   8014         SJMP    ??handleClusterCommands_4
    265          	    case ZCL_CLUSTER_ID_GEN_IDENTIFY:
    266          			return processIdentifyClusterServerCommands( pInMsg );
   \                     ??handleClusterCommands_3:
   \   00003E                ; Setup parameters for call to function processIdentifyClusterServerCommands
   \   00003E   12....       LCALL   ??processIdentifyClusterServerCommands?relay; Banked call to: processIdentifyClusterServerCommands
   \   000041   800F         SJMP    ??handleClusterCommands_4
    267          	    case ZCL_CLUSTER_ID_GEN_GROUPS:
    268              	case ZCL_CLUSTER_ID_GEN_SCENES:
    269          	    case ZCL_CLUSTER_ID_GEN_ON_OFF:
    270              	case ZCL_CLUSTER_ID_GEN_LEVEL_CONTROL:
    271          	    case ZCL_CLUSTER_ID_GEN_ALARMS:
    272              	case ZCL_CLUSTER_ID_GEN_LOCATION:
    273          	    case ZCL_CLUSTER_ID_GEN_POWER_CFG:
    274              	case ZCL_CLUSTER_ID_GEN_DEVICE_TEMP_CONFIG:
    275          	    case ZCL_CLUSTER_ID_GEN_ON_OFF_SWITCH_CONFIG:
    276              	case ZCL_CLUSTER_ID_GEN_TIME:
    277          	    default:
    278              	  stat = ZFailure;
    279          	      break;
    280            		}
    281          	} else {
    282          		switch ( pInMsg->msg->clusterId ){
   \                     ??handleClusterCommands_0:
   \   000043   7403         MOV     A,#0x3
   \   000045   65..         XRL     A,?V0
   \   000047   45..         ORL     A,?V1
   \   000049   7005         JNZ     ??handleClusterCommands_1
    283          	
    284            	    case ZCL_CLUSTER_ID_GEN_IDENTIFY:
    285          			return processIdentifyClusterClientCommands( pInMsg );
   \   00004B                ; Setup parameters for call to function processIdentifyClusterClientCommands
   \   00004B   12....       LCALL   ??processIdentifyClusterClientCommands?relay; Banked call to: processIdentifyClusterClientCommands
   \   00004E   8002         SJMP    ??handleClusterCommands_4
    286          	    default:
    287              	  stat = ZFailure;
    288          	      break;
    289            		}
    290          	}
    291          
    292            return ( stat );
   \                     ??handleClusterCommands_1:
   \   000050   7901         MOV     R1,#0x1
   \                     ??handleClusterCommands_4:
   \   000052   02....       LJMP    ?Subroutine0 & 0xFFFF
    293          }

   \                                 In  segment BANK_RELAYS, align 1
   \                     ??powerMeter_Init?relay:
   \   000000   12....       LCALL   ?BDISPATCH
   \   000003   ......       DC24    powerMeter_Init

   \                                 In  segment BANK_RELAYS, align 1
   \                     ??powerMeterEventLoop?relay:
   \   000000   12....       LCALL   ?BDISPATCH
   \   000003   ......       DC24    powerMeterEventLoop

   \                                 In  segment BANK_RELAYS, align 1
   \                     ??handleClusterCommands?relay:
   \   000000   12....       LCALL   ?BDISPATCH
   \   000003   ......       DC24    handleClusterCommands
    294          
    295          
    296          
    297          /****************************************************************************
    298          ****************************************************************************/
    299          
    300          

   Maximum stack usage in bytes:

   XSTACK Function
   ------ --------
     10   handleClusterCommands
       10   -> processBasicClusterCommands
       10   -> processIdentifyClusterClientCommands
       10   -> processIdentifyClusterServerCommands
     12   powerMeterEventLoop
       12   -> identifyLoop
       12   -> osal_mem_free
       12   -> osal_msg_deallocate
       12   -> osal_msg_receive
     12   powerMeter_Init
       10   -> addReadAttributeFn
       10   -> addWriteAttributeFn
       10   -> identifyInit
       10   -> onOffInit
       10   -> zclHA_Init
       10   -> zcl_registerForMsg
       12   -> zcl_registerPlugin


   Segment part sizes:

   Bytes  Function/Label
   -----  --------------
       6  ??handleClusterCommands?relay
       6  ??powerMeterEventLoop?relay
       6  ??powerMeter_Init?relay
       5  ?Subroutine0
      16  ?Subroutine1
       1  _A_IEN0
      85  handleClusterCommands
     146  powerMeterEventLoop
      91  powerMeter_Init
       1  zPowerMeterTaskID

 
 343 bytes in segment BANKED_CODE
  18 bytes in segment BANK_RELAYS
   1 byte  in segment SFR_AN
   1 byte  in segment XDATA_Z
 
 361 bytes of CODE  memory
   0 bytes of DATA  memory (+ 1 byte shared)
   1 byte  of XDATA memory

Errors: none
Warnings: none
